{"/Users/nikitapiliavets/Documents/projects/toc-tok-graphql/frontend/codegen.ts": {"path":"/Users/nikitapiliavets/Documents/projects/toc-tok-graphql/frontend/codegen.ts","statementMap":{"0":{"start":{"line":3,"column":30},"end":{"line":14,"column":null}}},"fnMap":{},"branchMap":{},"s":{"0":0},"f":{},"b":{}}
,"/Users/nikitapiliavets/Documents/projects/toc-tok-graphql/frontend/tailwind.config.js": {"path":"/Users/nikitapiliavets/Documents/projects/toc-tok-graphql/frontend/tailwind.config.js","statementMap":{"0":{"start":{"line":16,"column":6},"end":{"line":20,"column":9}}},"fnMap":{"0":{"name":"(anonymous_0)","decl":{"start":{"line":15,"column":11},"end":{"line":15,"column":19}},"loc":{"start":{"line":15,"column":39},"end":{"line":21,"column":5}}}},"branchMap":{},"s":{"0":0},"f":{"0":0},"b":{}}
,"/Users/nikitapiliavets/Documents/projects/toc-tok-graphql/frontend/src/App.tsx": {"path":"/Users/nikitapiliavets/Documents/projects/toc-tok-graphql/frontend/src/App.tsx","statementMap":{"0":{"start":{"line":10,"column":18},"end":{"line":10,"column":null}},"1":{"start":{"line":10,"column":42},"end":{"line":10,"column":55}},"2":{"start":{"line":11,"column":27},"end":{"line":11,"column":null}},"3":{"start":{"line":11,"column":51},"end":{"line":11,"column":73}},"4":{"start":{"line":13,"column":26},"end":{"line":13,"column":null}},"5":{"start":{"line":15,"column":20},"end":{"line":15,"column":null}},"6":{"start":{"line":17,"column":28},"end":{"line":29,"column":null}},"7":{"start":{"line":18,"column":4},"end":{"line":28,"column":null}},"8":{"start":{"line":19,"column":6},"end":{"line":19,"column":null}},"9":{"start":{"line":20,"column":23},"end":{"line":20,"column":null}},"10":{"start":{"line":21,"column":6},"end":{"line":21,"column":null}},"11":{"start":{"line":22,"column":6},"end":{"line":22,"column":null}},"12":{"start":{"line":23,"column":6},"end":{"line":23,"column":null}},"13":{"start":{"line":25,"column":6},"end":{"line":25,"column":null}},"14":{"start":{"line":27,"column":6},"end":{"line":27,"column":null}},"15":{"start":{"line":31,"column":2},"end":{"line":33,"column":null}},"16":{"start":{"line":32,"column":4},"end":{"line":32,"column":null}},"17":{"start":{"line":35,"column":2},"end":{"line":38,"column":null}}},"fnMap":{"0":{"name":"App","decl":{"start":{"line":9,"column":9},"end":{"line":9,"column":15}},"loc":{"start":{"line":9,"column":15},"end":{"line":40,"column":null}}},"1":{"name":"(anonymous_1)","decl":{"start":{"line":10,"column":31},"end":{"line":10,"column":32}},"loc":{"start":{"line":10,"column":42},"end":{"line":10,"column":55}}},"2":{"name":"(anonymous_2)","decl":{"start":{"line":11,"column":40},"end":{"line":11,"column":41}},"loc":{"start":{"line":11,"column":51},"end":{"line":11,"column":73}}},"3":{"name":"(anonymous_3)","decl":{"start":{"line":17,"column":40},"end":{"line":17,"column":52}},"loc":{"start":{"line":17,"column":52},"end":{"line":29,"column":5}}},"4":{"name":"(anonymous_4)","decl":{"start":{"line":31,"column":12},"end":{"line":31,"column":18}},"loc":{"start":{"line":31,"column":18},"end":{"line":33,"column":5}}}},"branchMap":{"0":{"loc":{"start":{"line":21,"column":14},"end":{"line":21,"column":45}},"type":"binary-expr","locations":[{"start":{"line":21,"column":14},"end":{"line":21,"column":41}},{"start":{"line":21,"column":41},"end":{"line":21,"column":45}}]},"1":{"loc":{"start":{"line":22,"column":21},"end":{"line":22,"column":57}},"type":"binary-expr","locations":[{"start":{"line":22,"column":21},"end":{"line":22,"column":55}},{"start":{"line":22,"column":55},"end":{"line":22,"column":57}}]}},"s":{"0":0,"1":0,"2":0,"3":0,"4":0,"5":0,"6":0,"7":0,"8":0,"9":0,"10":0,"11":0,"12":0,"13":0,"14":0,"15":0,"16":0,"17":0},"f":{"0":0,"1":0,"2":0,"3":0,"4":0},"b":{"0":[0,0],"1":[0,0]}}
,"/Users/nikitapiliavets/Documents/projects/toc-tok-graphql/frontend/src/main.tsx": {"path":"/Users/nikitapiliavets/Documents/projects/toc-tok-graphql/frontend/src/main.tsx","statementMap":{"0":{"start":{"line":7,"column":0},"end":{"line":11,"column":null}}},"fnMap":{},"branchMap":{},"s":{"0":0},"f":{},"b":{}}
,"/Users/nikitapiliavets/Documents/projects/toc-tok-graphql/frontend/src/components/Logo.tsx": {"path":"/Users/nikitapiliavets/Documents/projects/toc-tok-graphql/frontend/src/components/Logo.tsx","statementMap":{"0":{"start":{"line":7,"column":13},"end":{"line":19,"column":null}},"1":{"start":{"line":8,"column":2},"end":{"line":17,"column":null}}},"fnMap":{"0":{"name":"(anonymous_0)","decl":{"start":{"line":7,"column":13},"end":{"line":7,"column":14}},"loc":{"start":{"line":7,"column":52},"end":{"line":19,"column":null}}}},"branchMap":{"0":{"loc":{"start":{"line":7,"column":16},"end":{"line":7,"column":35}},"type":"default-arg","locations":[{"start":{"line":7,"column":32},"end":{"line":7,"column":35}}]}},"s":{"0":0,"1":0},"f":{"0":0},"b":{"0":[0]}}
,"/Users/nikitapiliavets/Documents/projects/toc-tok-graphql/frontend/src/components/NotFoundPage.tsx": {"path":"/Users/nikitapiliavets/Documents/projects/toc-tok-graphql/frontend/src/components/NotFoundPage.tsx","statementMap":{"0":{"start":{"line":8,"column":21},"end":{"line":20,"column":null}},"1":{"start":{"line":9,"column":2},"end":{"line":18,"column":null}}},"fnMap":{"0":{"name":"(anonymous_0)","decl":{"start":{"line":8,"column":21},"end":{"line":8,"column":22}},"loc":{"start":{"line":8,"column":54},"end":{"line":20,"column":null}}}},"branchMap":{},"s":{"0":0,"1":0},"f":{"0":0},"b":{}}
,"/Users/nikitapiliavets/Documents/projects/toc-tok-graphql/frontend/src/components/Observer.tsx": {"path":"/Users/nikitapiliavets/Documents/projects/toc-tok-graphql/frontend/src/components/Observer.tsx","statementMap":{"0":{"start":{"line":7,"column":17},"end":{"line":35,"column":null}},"1":{"start":{"line":8,"column":22},"end":{"line":8,"column":null}},"2":{"start":{"line":10,"column":2},"end":{"line":27,"column":null}},"3":{"start":{"line":11,"column":21},"end":{"line":18,"column":null}},"4":{"start":{"line":13,"column":8},"end":{"line":15,"column":null}},"5":{"start":{"line":14,"column":10},"end":{"line":14,"column":null}},"6":{"start":{"line":20,"column":4},"end":{"line":22,"column":null}},"7":{"start":{"line":21,"column":6},"end":{"line":21,"column":null}},"8":{"start":{"line":24,"column":4},"end":{"line":26,"column":null}},"9":{"start":{"line":25,"column":6},"end":{"line":25,"column":null}},"10":{"start":{"line":29,"column":2},"end":{"line":33,"column":null}}},"fnMap":{"0":{"name":"(anonymous_0)","decl":{"start":{"line":7,"column":17},"end":{"line":7,"column":18}},"loc":{"start":{"line":7,"column":50},"end":{"line":35,"column":null}}},"1":{"name":"(anonymous_1)","decl":{"start":{"line":10,"column":12},"end":{"line":10,"column":18}},"loc":{"start":{"line":10,"column":18},"end":{"line":27,"column":5}}},"2":{"name":"(anonymous_2)","decl":{"start":{"line":12,"column":6},"end":{"line":12,"column":7}},"loc":{"start":{"line":12,"column":19},"end":{"line":16,"column":null}}},"3":{"name":"(anonymous_3)","decl":{"start":{"line":24,"column":11},"end":{"line":24,"column":17}},"loc":{"start":{"line":24,"column":17},"end":{"line":26,"column":null}}}},"branchMap":{"0":{"loc":{"start":{"line":13,"column":8},"end":{"line":15,"column":null}},"type":"if","locations":[{"start":{"line":13,"column":8},"end":{"line":15,"column":null}},{"start":{},"end":{}}]},"1":{"loc":{"start":{"line":20,"column":4},"end":{"line":22,"column":null}},"type":"if","locations":[{"start":{"line":20,"column":4},"end":{"line":22,"column":null}},{"start":{},"end":{}}]},"2":{"loc":{"start":{"line":20,"column":8},"end":{"line":20,"column":41}},"type":"binary-expr","locations":[{"start":{"line":20,"column":8},"end":{"line":20,"column":20}},{"start":{"line":20,"column":20},"end":{"line":20,"column":41}}]}},"s":{"0":0,"1":0,"2":0,"3":0,"4":0,"5":0,"6":0,"7":0,"8":0,"9":0,"10":0},"f":{"0":0,"1":0,"2":0,"3":0},"b":{"0":[0,0],"1":[0,0],"2":[0,0]}}
,"/Users/nikitapiliavets/Documents/projects/toc-tok-graphql/frontend/src/components/ui/AppButton.tsx": {"path":"/Users/nikitapiliavets/Documents/projects/toc-tok-graphql/frontend/src/components/ui/AppButton.tsx","statementMap":{"0":{"start":{"line":14,"column":18},"end":{"line":70,"column":null}},"1":{"start":{"line":24,"column":20},"end":{"line":38,"column":null}},"2":{"start":{"line":25,"column":30},"end":{"line":30,"column":null}},"3":{"start":{"line":32,"column":24},"end":{"line":35,"column":null}},"4":{"start":{"line":37,"column":4},"end":{"line":37,"column":null}},"5":{"start":{"line":40,"column":2},"end":{"line":49,"column":null}},"6":{"start":{"line":41,"column":4},"end":{"line":47,"column":null}},"7":{"start":{"line":51,"column":2},"end":{"line":60,"column":null}},"8":{"start":{"line":52,"column":4},"end":{"line":58,"column":null}},"9":{"start":{"line":62,"column":2},"end":{"line":68,"column":null}}},"fnMap":{"0":{"name":"(anonymous_0)","decl":{"start":{"line":14,"column":18},"end":{"line":14,"column":19}},"loc":{"start":{"line":23,"column":22},"end":{"line":70,"column":null}}},"1":{"name":"(anonymous_1)","decl":{"start":{"line":24,"column":28},"end":{"line":24,"column":34}},"loc":{"start":{"line":24,"column":34},"end":{"line":38,"column":5}}}},"branchMap":{"0":{"loc":{"start":{"line":15,"column":2},"end":{"line":15,"column":null}},"type":"default-arg","locations":[{"start":{"line":15,"column":9},"end":{"line":15,"column":null}}]},"1":{"loc":{"start":{"line":18,"column":2},"end":{"line":18,"column":null}},"type":"default-arg","locations":[{"start":{"line":18,"column":15},"end":{"line":18,"column":null}}]},"2":{"loc":{"start":{"line":19,"column":2},"end":{"line":19,"column":null}},"type":"default-arg","locations":[{"start":{"line":19,"column":9},"end":{"line":19,"column":null}}]},"3":{"loc":{"start":{"line":20,"column":2},"end":{"line":20,"column":null}},"type":"default-arg","locations":[{"start":{"line":20,"column":14},"end":{"line":20,"column":null}}]},"4":{"loc":{"start":{"line":40,"column":2},"end":{"line":49,"column":null}},"type":"if","locations":[{"start":{"line":40,"column":2},"end":{"line":49,"column":null}},{"start":{},"end":{}}]},"5":{"loc":{"start":{"line":51,"column":2},"end":{"line":60,"column":null}},"type":"if","locations":[{"start":{"line":51,"column":2},"end":{"line":60,"column":null}},{"start":{},"end":{}}]},"6":{"loc":{"start":{"line":57,"column":9},"end":{"line":57,"column":null}},"type":"cond-expr","locations":[{"start":{"line":57,"column":20},"end":{"line":57,"column":31}},{"start":{"line":57,"column":31},"end":{"line":57,"column":null}}]},"7":{"loc":{"start":{"line":67,"column":7},"end":{"line":67,"column":null}},"type":"cond-expr","locations":[{"start":{"line":67,"column":18},"end":{"line":67,"column":29}},{"start":{"line":67,"column":29},"end":{"line":67,"column":null}}]}},"s":{"0":0,"1":0,"2":0,"3":0,"4":0,"5":0,"6":0,"7":0,"8":0,"9":0},"f":{"0":0,"1":0},"b":{"0":[0],"1":[0],"2":[0],"3":[0],"4":[0,0],"5":[0,0],"6":[0,0],"7":[0,0]}}
,"/Users/nikitapiliavets/Documents/projects/toc-tok-graphql/frontend/src/components/ui/AppForm.tsx": {"path":"/Users/nikitapiliavets/Documents/projects/toc-tok-graphql/frontend/src/components/ui/AppForm.tsx","statementMap":{"0":{"start":{"line":5,"column":16},"end":{"line":19,"column":null}},"1":{"start":{"line":6,"column":24},"end":{"line":9,"column":null}},"2":{"start":{"line":7,"column":4},"end":{"line":7,"column":null}},"3":{"start":{"line":8,"column":4},"end":{"line":8,"column":null}},"4":{"start":{"line":11,"column":2},"end":{"line":17,"column":null}}},"fnMap":{"0":{"name":"(anonymous_0)","decl":{"start":{"line":5,"column":16},"end":{"line":5,"column":17}},"loc":{"start":{"line":5,"column":72},"end":{"line":19,"column":null}}},"1":{"name":"(anonymous_1)","decl":{"start":{"line":6,"column":24},"end":{"line":6,"column":25}},"loc":{"start":{"line":6,"column":65},"end":{"line":9,"column":null}}}},"branchMap":{},"s":{"0":0,"1":0,"2":0,"3":0,"4":0},"f":{"0":0,"1":0},"b":{}}
,"/Users/nikitapiliavets/Documents/projects/toc-tok-graphql/frontend/src/components/ui/IconButton.tsx": {"path":"/Users/nikitapiliavets/Documents/projects/toc-tok-graphql/frontend/src/components/ui/IconButton.tsx","statementMap":{"0":{"start":{"line":9,"column":19},"end":{"line":21,"column":null}},"1":{"start":{"line":10,"column":2},"end":{"line":19,"column":null}}},"fnMap":{"0":{"name":"(anonymous_0)","decl":{"start":{"line":9,"column":19},"end":{"line":9,"column":20}},"loc":{"start":{"line":9,"column":85},"end":{"line":21,"column":null}}}},"branchMap":{"0":{"loc":{"start":{"line":9,"column":28},"end":{"line":9,"column":49}},"type":"default-arg","locations":[{"start":{"line":9,"column":40},"end":{"line":9,"column":49}}]}},"s":{"0":0,"1":0},"f":{"0":0},"b":{"0":[0]}}
,"/Users/nikitapiliavets/Documents/projects/toc-tok-graphql/frontend/src/components/ui/Modal.tsx": {"path":"/Users/nikitapiliavets/Documents/projects/toc-tok-graphql/frontend/src/components/ui/Modal.tsx","statementMap":{"0":{"start":{"line":11,"column":14},"end":{"line":45,"column":null}},"1":{"start":{"line":12,"column":16},"end":{"line":16,"column":null}},"2":{"start":{"line":13,"column":4},"end":{"line":15,"column":null}},"3":{"start":{"line":14,"column":6},"end":{"line":14,"column":null}},"4":{"start":{"line":18,"column":2},"end":{"line":20,"column":null}},"5":{"start":{"line":19,"column":4},"end":{"line":19,"column":null}},"6":{"start":{"line":22,"column":2},"end":{"line":43,"column":null}}},"fnMap":{"0":{"name":"(anonymous_0)","decl":{"start":{"line":11,"column":14},"end":{"line":11,"column":15}},"loc":{"start":{"line":11,"column":71},"end":{"line":45,"column":null}}},"1":{"name":"(anonymous_1)","decl":{"start":{"line":12,"column":28},"end":{"line":12,"column":34}},"loc":{"start":{"line":12,"column":34},"end":{"line":16,"column":5}}}},"branchMap":{"0":{"loc":{"start":{"line":13,"column":4},"end":{"line":15,"column":null}},"type":"if","locations":[{"start":{"line":13,"column":4},"end":{"line":15,"column":null}},{"start":{},"end":{}}]},"1":{"loc":{"start":{"line":18,"column":2},"end":{"line":20,"column":null}},"type":"if","locations":[{"start":{"line":18,"column":2},"end":{"line":20,"column":null}},{"start":{},"end":{}}]},"2":{"loc":{"start":{"line":31,"column":9},"end":{"line":38,"column":null}},"type":"binary-expr","locations":[{"start":{"line":31,"column":9},"end":{"line":31,"column":null}},{"start":{"line":32,"column":10},"end":{"line":38,"column":null}}]}},"s":{"0":0,"1":0,"2":0,"3":0,"4":0,"5":0,"6":0},"f":{"0":0,"1":0},"b":{"0":[0,0],"1":[0,0],"2":[0,0]}}
,"/Users/nikitapiliavets/Documents/projects/toc-tok-graphql/frontend/src/components/ui/inputs/AppCombobox.tsx": {"path":"/Users/nikitapiliavets/Documents/projects/toc-tok-graphql/frontend/src/components/ui/inputs/AppCombobox.tsx","statementMap":{"0":{"start":{"line":20,"column":20},"end":{"line":88,"column":null}},"1":{"start":{"line":28,"column":38},"end":{"line":28,"column":null}},"2":{"start":{"line":29,"column":36},"end":{"line":29,"column":null}},"3":{"start":{"line":31,"column":18},"end":{"line":31,"column":null}},"4":{"start":{"line":33,"column":24},"end":{"line":38,"column":null}},"5":{"start":{"line":34,"column":35},"end":{"line":34,"column":null}},"6":{"start":{"line":35,"column":4},"end":{"line":35,"column":null}},"7":{"start":{"line":36,"column":4},"end":{"line":36,"column":null}},"8":{"start":{"line":37,"column":4},"end":{"line":37,"column":null}},"9":{"start":{"line":40,"column":29},"end":{"line":43,"column":null}},"10":{"start":{"line":41,"column":4},"end":{"line":41,"column":null}},"11":{"start":{"line":42,"column":4},"end":{"line":42,"column":null}},"12":{"start":{"line":45,"column":2},"end":{"line":50,"column":null}},"13":{"start":{"line":46,"column":26},"end":{"line":46,"column":null}},"14":{"start":{"line":46,"column":51},"end":{"line":46,"column":73}},"15":{"start":{"line":47,"column":4},"end":{"line":49,"column":null}},"16":{"start":{"line":48,"column":6},"end":{"line":48,"column":null}},"17":{"start":{"line":52,"column":2},"end":{"line":86,"column":null}},"18":{"start":{"line":73,"column":12},"end":{"line":82,"column":null}},"19":{"start":{"line":79,"column":29},"end":{"line":79,"column":null}}},"fnMap":{"0":{"name":"(anonymous_0)","decl":{"start":{"line":20,"column":20},"end":{"line":20,"column":48}},"loc":{"start":{"line":27,"column":27},"end":{"line":88,"column":null}}},"1":{"name":"(anonymous_1)","decl":{"start":{"line":33,"column":24},"end":{"line":33,"column":25}},"loc":{"start":{"line":33,"column":62},"end":{"line":38,"column":null}}},"2":{"name":"(anonymous_2)","decl":{"start":{"line":40,"column":29},"end":{"line":40,"column":30}},"loc":{"start":{"line":40,"column":64},"end":{"line":43,"column":null}}},"3":{"name":"(anonymous_3)","decl":{"start":{"line":45,"column":12},"end":{"line":45,"column":18}},"loc":{"start":{"line":45,"column":18},"end":{"line":50,"column":5}}},"4":{"name":"(anonymous_4)","decl":{"start":{"line":46,"column":39},"end":{"line":46,"column":40}},"loc":{"start":{"line":46,"column":51},"end":{"line":46,"column":73}}},"5":{"name":"(anonymous_5)","decl":{"start":{"line":72,"column":23},"end":{"line":72,"column":24}},"loc":{"start":{"line":73,"column":12},"end":{"line":82,"column":null}}},"6":{"name":"(anonymous_6)","decl":{"start":{"line":79,"column":23},"end":{"line":79,"column":29}},"loc":{"start":{"line":79,"column":29},"end":{"line":79,"column":null}}}},"branchMap":{"0":{"loc":{"start":{"line":26,"column":2},"end":{"line":26,"column":null}},"type":"default-arg","locations":[{"start":{"line":26,"column":16},"end":{"line":26,"column":null}}]},"1":{"loc":{"start":{"line":47,"column":4},"end":{"line":49,"column":null}},"type":"if","locations":[{"start":{"line":47,"column":4},"end":{"line":49,"column":null}},{"start":{},"end":{}}]},"2":{"loc":{"start":{"line":67,"column":7},"end":{"line":84,"column":null}},"type":"binary-expr","locations":[{"start":{"line":67,"column":7},"end":{"line":67,"column":19}},{"start":{"line":67,"column":19},"end":{"line":67,"column":null}},{"start":{"line":68,"column":8},"end":{"line":84,"column":null}}]}},"s":{"0":1,"1":9,"2":9,"3":9,"4":9,"5":1,"6":1,"7":1,"8":1,"9":9,"10":1,"11":1,"12":9,"13":4,"14":2,"15":4,"16":1,"17":9,"18":2,"19":1},"f":{"0":9,"1":1,"2":1,"3":4,"4":2,"5":2,"6":1},"b":{"0":[9],"1":[1,3],"2":[9,2,2]}}
,"/Users/nikitapiliavets/Documents/projects/toc-tok-graphql/frontend/src/components/ui/inputs/AppInput.tsx": {"path":"/Users/nikitapiliavets/Documents/projects/toc-tok-graphql/frontend/src/components/ui/inputs/AppInput.tsx","statementMap":{"0":{"start":{"line":11,"column":17},"end":{"line":47,"column":null}},"1":{"start":{"line":24,"column":2},"end":{"line":45,"column":null}}},"fnMap":{"0":{"name":"(anonymous_0)","decl":{"start":{"line":11,"column":17},"end":{"line":11,"column":18}},"loc":{"start":{"line":23,"column":21},"end":{"line":47,"column":null}}}},"branchMap":{"0":{"loc":{"start":{"line":26,"column":7},"end":{"line":26,"column":null}},"type":"binary-expr","locations":[{"start":{"line":26,"column":7},"end":{"line":26,"column":16}},{"start":{"line":26,"column":16},"end":{"line":26,"column":22}},{"start":{"line":26,"column":22},"end":{"line":26,"column":null}}]},"1":{"loc":{"start":{"line":39,"column":7},"end":{"line":42,"column":null}},"type":"binary-expr","locations":[{"start":{"line":39,"column":7},"end":{"line":39,"column":null}},{"start":{"line":40,"column":8},"end":{"line":42,"column":null}}]},"2":{"loc":{"start":{"line":44,"column":7},"end":{"line":44,"column":null}},"type":"binary-expr","locations":[{"start":{"line":44,"column":7},"end":{"line":44,"column":16}},{"start":{"line":44,"column":16},"end":{"line":44,"column":null}}]}},"s":{"0":1,"1":9},"f":{"0":9},"b":{"0":[9,0,0],"1":[9,0],"2":[9,0]}}
,"/Users/nikitapiliavets/Documents/projects/toc-tok-graphql/frontend/src/components/ui/inputs/AppTextarea.tsx": {"path":"/Users/nikitapiliavets/Documents/projects/toc-tok-graphql/frontend/src/components/ui/inputs/AppTextarea.tsx","statementMap":{"0":{"start":{"line":10,"column":20},"end":{"line":31,"column":null}},"1":{"start":{"line":11,"column":2},"end":{"line":29,"column":null}}},"fnMap":{"0":{"name":"(anonymous_0)","decl":{"start":{"line":10,"column":20},"end":{"line":10,"column":21}},"loc":{"start":{"line":10,"column":116},"end":{"line":31,"column":null}}}},"branchMap":{"0":{"loc":{"start":{"line":13,"column":7},"end":{"line":13,"column":null}},"type":"binary-expr","locations":[{"start":{"line":13,"column":7},"end":{"line":13,"column":16}},{"start":{"line":13,"column":16},"end":{"line":13,"column":22}},{"start":{"line":13,"column":22},"end":{"line":13,"column":null}}]},"1":{"loc":{"start":{"line":23,"column":7},"end":{"line":26,"column":null}},"type":"binary-expr","locations":[{"start":{"line":23,"column":7},"end":{"line":23,"column":null}},{"start":{"line":24,"column":8},"end":{"line":26,"column":null}}]},"2":{"loc":{"start":{"line":28,"column":7},"end":{"line":28,"column":null}},"type":"binary-expr","locations":[{"start":{"line":28,"column":7},"end":{"line":28,"column":16}},{"start":{"line":28,"column":16},"end":{"line":28,"column":null}}]}},"s":{"0":0,"1":0},"f":{"0":0},"b":{"0":[0,0,0],"1":[0,0],"2":[0,0]}}
,"/Users/nikitapiliavets/Documents/projects/toc-tok-graphql/frontend/src/components/ui/tabs/Tab.tsx": {"path":"/Users/nikitapiliavets/Documents/projects/toc-tok-graphql/frontend/src/components/ui/tabs/Tab.tsx","statementMap":{"0":{"start":{"line":9,"column":12},"end":{"line":25,"column":null}},"1":{"start":{"line":10,"column":20},"end":{"line":15,"column":null}},"2":{"start":{"line":11,"column":24},"end":{"line":11,"column":null}},"3":{"start":{"line":12,"column":30},"end":{"line":12,"column":null}},"4":{"start":{"line":14,"column":4},"end":{"line":14,"column":null}},"5":{"start":{"line":17,"column":2},"end":{"line":23,"column":null}}},"fnMap":{"0":{"name":"(anonymous_0)","decl":{"start":{"line":9,"column":12},"end":{"line":9,"column":13}},"loc":{"start":{"line":9,"column":60},"end":{"line":25,"column":null}}},"1":{"name":"(anonymous_1)","decl":{"start":{"line":10,"column":28},"end":{"line":10,"column":34}},"loc":{"start":{"line":10,"column":34},"end":{"line":15,"column":5}}}},"branchMap":{"0":{"loc":{"start":{"line":12,"column":30},"end":{"line":12,"column":null}},"type":"cond-expr","locations":[{"start":{"line":12,"column":41},"end":{"line":12,"column":69}},{"start":{"line":12,"column":69},"end":{"line":12,"column":null}}]}},"s":{"0":0,"1":0,"2":0,"3":0,"4":0,"5":0},"f":{"0":0,"1":0},"b":{"0":[0,0]}}
,"/Users/nikitapiliavets/Documents/projects/toc-tok-graphql/frontend/src/components/ui/tabs/Tabs.tsx": {"path":"/Users/nikitapiliavets/Documents/projects/toc-tok-graphql/frontend/src/components/ui/tabs/Tabs.tsx","statementMap":{"0":{"start":{"line":14,"column":13},"end":{"line":27,"column":null}},"1":{"start":{"line":15,"column":2},"end":{"line":25,"column":null}},"2":{"start":{"line":18,"column":8},"end":{"line":23,"column":null}},"3":{"start":{"line":22,"column":30},"end":{"line":22,"column":null}}},"fnMap":{"0":{"name":"(anonymous_0)","decl":{"start":{"line":14,"column":13},"end":{"line":14,"column":32}},"loc":{"start":{"line":14,"column":84},"end":{"line":27,"column":null}}},"1":{"name":"(anonymous_1)","decl":{"start":{"line":17,"column":16},"end":{"line":17,"column":17}},"loc":{"start":{"line":18,"column":8},"end":{"line":23,"column":null}}},"2":{"name":"(anonymous_2)","decl":{"start":{"line":22,"column":24},"end":{"line":22,"column":30}},"loc":{"start":{"line":22,"column":30},"end":{"line":22,"column":null}}}},"branchMap":{},"s":{"0":0,"1":0,"2":0,"3":0},"f":{"0":0,"1":0,"2":0},"b":{}}
,"/Users/nikitapiliavets/Documents/projects/toc-tok-graphql/frontend/src/components/ux/ConfirmModal.tsx": {"path":"/Users/nikitapiliavets/Documents/projects/toc-tok-graphql/frontend/src/components/ux/ConfirmModal.tsx","statementMap":{"0":{"start":{"line":11,"column":21},"end":{"line":29,"column":null}},"1":{"start":{"line":12,"column":2},"end":{"line":27,"column":null}}},"fnMap":{"0":{"name":"(anonymous_0)","decl":{"start":{"line":11,"column":21},"end":{"line":11,"column":22}},"loc":{"start":{"line":11,"column":79},"end":{"line":29,"column":null}}}},"branchMap":{},"s":{"0":0,"1":0},"f":{"0":0},"b":{}}
,"/Users/nikitapiliavets/Documents/projects/toc-tok-graphql/frontend/src/gql/graphql.tsx": {"path":"/Users/nikitapiliavets/Documents/projects/toc-tok-graphql/frontend/src/gql/graphql.tsx","statementMap":{"0":{"start":{"line":10,"column":23},"end":{"line":10,"column":null}},"1":{"start":{"line":523,"column":41},"end":{"line":523,"column":null}},"2":{"start":{"line":551,"column":24},"end":{"line":551,"column":null}},"3":{"start":{"line":552,"column":8},"end":{"line":552,"column":null}},"4":{"start":{"line":555,"column":26},"end":{"line":555,"column":null}},"5":{"start":{"line":556,"column":10},"end":{"line":556,"column":null}},"6":{"start":{"line":559,"column":26},"end":{"line":559,"column":null}},"7":{"start":{"line":560,"column":10},"end":{"line":560,"column":null}},"8":{"start":{"line":566,"column":32},"end":{"line":566,"column":null}},"9":{"start":{"line":609,"column":24},"end":{"line":609,"column":null}},"10":{"start":{"line":610,"column":8},"end":{"line":610,"column":null}},"11":{"start":{"line":613,"column":26},"end":{"line":613,"column":null}},"12":{"start":{"line":614,"column":10},"end":{"line":614,"column":null}},"13":{"start":{"line":617,"column":26},"end":{"line":617,"column":null}},"14":{"start":{"line":618,"column":10},"end":{"line":618,"column":null}},"15":{"start":{"line":624,"column":36},"end":{"line":624,"column":null}},"16":{"start":{"line":651,"column":24},"end":{"line":651,"column":null}},"17":{"start":{"line":652,"column":8},"end":{"line":652,"column":null}},"18":{"start":{"line":657,"column":31},"end":{"line":657,"column":null}},"19":{"start":{"line":699,"column":24},"end":{"line":699,"column":null}},"20":{"start":{"line":700,"column":8},"end":{"line":700,"column":null}},"21":{"start":{"line":703,"column":26},"end":{"line":703,"column":null}},"22":{"start":{"line":704,"column":10},"end":{"line":704,"column":null}},"23":{"start":{"line":707,"column":26},"end":{"line":707,"column":null}},"24":{"start":{"line":708,"column":10},"end":{"line":708,"column":null}},"25":{"start":{"line":714,"column":36},"end":{"line":714,"column":null}},"26":{"start":{"line":751,"column":24},"end":{"line":751,"column":null}},"27":{"start":{"line":752,"column":8},"end":{"line":752,"column":null}},"28":{"start":{"line":755,"column":26},"end":{"line":755,"column":null}},"29":{"start":{"line":756,"column":10},"end":{"line":756,"column":null}},"30":{"start":{"line":759,"column":26},"end":{"line":759,"column":null}},"31":{"start":{"line":760,"column":10},"end":{"line":760,"column":null}},"32":{"start":{"line":766,"column":37},"end":{"line":766,"column":null}},"33":{"start":{"line":794,"column":24},"end":{"line":794,"column":null}},"34":{"start":{"line":795,"column":8},"end":{"line":795,"column":null}},"35":{"start":{"line":800,"column":37},"end":{"line":800,"column":null}},"36":{"start":{"line":825,"column":24},"end":{"line":825,"column":null}},"37":{"start":{"line":826,"column":8},"end":{"line":826,"column":null}},"38":{"start":{"line":831,"column":34},"end":{"line":831,"column":null}},"39":{"start":{"line":858,"column":24},"end":{"line":858,"column":null}},"40":{"start":{"line":859,"column":8},"end":{"line":859,"column":null}},"41":{"start":{"line":864,"column":32},"end":{"line":864,"column":null}},"42":{"start":{"line":893,"column":24},"end":{"line":893,"column":null}},"43":{"start":{"line":894,"column":8},"end":{"line":894,"column":null}},"44":{"start":{"line":899,"column":43},"end":{"line":899,"column":null}},"45":{"start":{"line":933,"column":24},"end":{"line":933,"column":null}},"46":{"start":{"line":934,"column":8},"end":{"line":934,"column":null}},"47":{"start":{"line":937,"column":26},"end":{"line":937,"column":null}},"48":{"start":{"line":938,"column":10},"end":{"line":938,"column":null}},"49":{"start":{"line":941,"column":26},"end":{"line":941,"column":null}},"50":{"start":{"line":942,"column":10},"end":{"line":942,"column":null}},"51":{"start":{"line":948,"column":35},"end":{"line":948,"column":null}},"52":{"start":{"line":988,"column":24},"end":{"line":988,"column":null}},"53":{"start":{"line":989,"column":8},"end":{"line":989,"column":null}},"54":{"start":{"line":992,"column":26},"end":{"line":992,"column":null}},"55":{"start":{"line":993,"column":10},"end":{"line":993,"column":null}},"56":{"start":{"line":996,"column":26},"end":{"line":996,"column":null}},"57":{"start":{"line":997,"column":10},"end":{"line":997,"column":null}},"58":{"start":{"line":1003,"column":38},"end":{"line":1003,"column":null}},"59":{"start":{"line":1034,"column":24},"end":{"line":1034,"column":null}},"60":{"start":{"line":1035,"column":8},"end":{"line":1035,"column":null}},"61":{"start":{"line":1040,"column":41},"end":{"line":1040,"column":null}},"62":{"start":{"line":1076,"column":24},"end":{"line":1076,"column":null}},"63":{"start":{"line":1077,"column":8},"end":{"line":1077,"column":null}},"64":{"start":{"line":1082,"column":44},"end":{"line":1082,"column":null}},"65":{"start":{"line":1109,"column":24},"end":{"line":1109,"column":null}},"66":{"start":{"line":1110,"column":8},"end":{"line":1110,"column":null}},"67":{"start":{"line":1113,"column":26},"end":{"line":1113,"column":null}},"68":{"start":{"line":1114,"column":10},"end":{"line":1114,"column":null}},"69":{"start":{"line":1117,"column":26},"end":{"line":1117,"column":null}},"70":{"start":{"line":1118,"column":10},"end":{"line":1118,"column":null}},"71":{"start":{"line":1124,"column":38},"end":{"line":1124,"column":null}},"72":{"start":{"line":1164,"column":24},"end":{"line":1164,"column":null}},"73":{"start":{"line":1165,"column":8},"end":{"line":1165,"column":null}},"74":{"start":{"line":1168,"column":26},"end":{"line":1168,"column":null}},"75":{"start":{"line":1169,"column":10},"end":{"line":1169,"column":null}},"76":{"start":{"line":1172,"column":26},"end":{"line":1172,"column":null}},"77":{"start":{"line":1173,"column":10},"end":{"line":1173,"column":null}},"78":{"start":{"line":1179,"column":33},"end":{"line":1179,"column":null}},"79":{"start":{"line":1214,"column":24},"end":{"line":1214,"column":null}},"80":{"start":{"line":1215,"column":8},"end":{"line":1215,"column":null}},"81":{"start":{"line":1220,"column":34},"end":{"line":1220,"column":null}},"82":{"start":{"line":1244,"column":24},"end":{"line":1244,"column":null}},"83":{"start":{"line":1245,"column":8},"end":{"line":1245,"column":null}},"84":{"start":{"line":1250,"column":35},"end":{"line":1250,"column":null}},"85":{"start":{"line":1283,"column":24},"end":{"line":1283,"column":null}},"86":{"start":{"line":1284,"column":8},"end":{"line":1284,"column":null}},"87":{"start":{"line":1289,"column":36},"end":{"line":1289,"column":null}},"88":{"start":{"line":1329,"column":24},"end":{"line":1329,"column":null}},"89":{"start":{"line":1330,"column":8},"end":{"line":1330,"column":null}},"90":{"start":{"line":1335,"column":37},"end":{"line":1335,"column":null}},"91":{"start":{"line":1364,"column":24},"end":{"line":1364,"column":null}},"92":{"start":{"line":1365,"column":8},"end":{"line":1365,"column":null}},"93":{"start":{"line":1370,"column":35},"end":{"line":1370,"column":null}},"94":{"start":{"line":1396,"column":24},"end":{"line":1396,"column":null}},"95":{"start":{"line":1397,"column":8},"end":{"line":1397,"column":null}},"96":{"start":{"line":1400,"column":26},"end":{"line":1400,"column":null}},"97":{"start":{"line":1401,"column":10},"end":{"line":1401,"column":null}},"98":{"start":{"line":1404,"column":26},"end":{"line":1404,"column":null}},"99":{"start":{"line":1405,"column":10},"end":{"line":1405,"column":null}},"100":{"start":{"line":1411,"column":40},"end":{"line":1411,"column":null}},"101":{"start":{"line":1438,"column":24},"end":{"line":1438,"column":null}},"102":{"start":{"line":1439,"column":8},"end":{"line":1439,"column":null}},"103":{"start":{"line":1444,"column":32},"end":{"line":1444,"column":null}},"104":{"start":{"line":1471,"column":24},"end":{"line":1471,"column":null}},"105":{"start":{"line":1472,"column":8},"end":{"line":1472,"column":null}},"106":{"start":{"line":1477,"column":34},"end":{"line":1477,"column":null}},"107":{"start":{"line":1506,"column":24},"end":{"line":1506,"column":null}},"108":{"start":{"line":1507,"column":8},"end":{"line":1507,"column":null}},"109":{"start":{"line":1512,"column":32},"end":{"line":1512,"column":null}},"110":{"start":{"line":1547,"column":24},"end":{"line":1547,"column":null}},"111":{"start":{"line":1548,"column":8},"end":{"line":1548,"column":null}},"112":{"start":{"line":1551,"column":26},"end":{"line":1551,"column":null}},"113":{"start":{"line":1552,"column":10},"end":{"line":1552,"column":null}},"114":{"start":{"line":1555,"column":26},"end":{"line":1555,"column":null}},"115":{"start":{"line":1556,"column":10},"end":{"line":1556,"column":null}},"116":{"start":{"line":1562,"column":35},"end":{"line":1562,"column":null}},"117":{"start":{"line":1586,"column":24},"end":{"line":1586,"column":null}},"118":{"start":{"line":1587,"column":8},"end":{"line":1587,"column":null}},"119":{"start":{"line":1590,"column":26},"end":{"line":1590,"column":null}},"120":{"start":{"line":1591,"column":10},"end":{"line":1591,"column":null}},"121":{"start":{"line":1594,"column":26},"end":{"line":1594,"column":null}},"122":{"start":{"line":1595,"column":10},"end":{"line":1595,"column":null}},"123":{"start":{"line":1601,"column":36},"end":{"line":1601,"column":null}},"124":{"start":{"line":1627,"column":24},"end":{"line":1627,"column":null}},"125":{"start":{"line":1628,"column":8},"end":{"line":1628,"column":null}}},"fnMap":{"0":{"name":"useGetSuggestedUsersQuery","decl":{"start":{"line":550,"column":16},"end":{"line":550,"column":42}},"loc":{"start":{"line":550,"column":138},"end":{"line":553,"column":null}}},"1":{"name":"useGetSuggestedUsersLazyQuery","decl":{"start":{"line":554,"column":16},"end":{"line":554,"column":46}},"loc":{"start":{"line":554,"column":146},"end":{"line":557,"column":null}}},"2":{"name":"useGetSuggestedUsersSuspenseQuery","decl":{"start":{"line":558,"column":16},"end":{"line":558,"column":50}},"loc":{"start":{"line":558,"column":154},"end":{"line":561,"column":null}}},"3":{"name":"useGetPostsQuery","decl":{"start":{"line":608,"column":16},"end":{"line":608,"column":33}},"loc":{"start":{"line":608,"column":191},"end":{"line":611,"column":null}}},"4":{"name":"useGetPostsLazyQuery","decl":{"start":{"line":612,"column":16},"end":{"line":612,"column":37}},"loc":{"start":{"line":612,"column":119},"end":{"line":615,"column":null}}},"5":{"name":"useGetPostsSuspenseQuery","decl":{"start":{"line":616,"column":16},"end":{"line":616,"column":41}},"loc":{"start":{"line":616,"column":127},"end":{"line":619,"column":null}}},"6":{"name":"useOpenMessagesMutation","decl":{"start":{"line":650,"column":16},"end":{"line":650,"column":40}},"loc":{"start":{"line":650,"column":135},"end":{"line":653,"column":null}}},"7":{"name":"useGetChatQuery","decl":{"start":{"line":698,"column":16},"end":{"line":698,"column":32}},"loc":{"start":{"line":698,"column":187},"end":{"line":701,"column":null}}},"8":{"name":"useGetChatLazyQuery","decl":{"start":{"line":702,"column":16},"end":{"line":702,"column":36}},"loc":{"start":{"line":702,"column":116},"end":{"line":705,"column":null}}},"9":{"name":"useGetChatSuspenseQuery","decl":{"start":{"line":706,"column":16},"end":{"line":706,"column":40}},"loc":{"start":{"line":706,"column":124},"end":{"line":709,"column":null}}},"10":{"name":"useGetChatsListQuery","decl":{"start":{"line":750,"column":16},"end":{"line":750,"column":37}},"loc":{"start":{"line":750,"column":123},"end":{"line":753,"column":null}}},"11":{"name":"useGetChatsListLazyQuery","decl":{"start":{"line":754,"column":16},"end":{"line":754,"column":41}},"loc":{"start":{"line":754,"column":131},"end":{"line":757,"column":null}}},"12":{"name":"useGetChatsListSuspenseQuery","decl":{"start":{"line":758,"column":16},"end":{"line":758,"column":45}},"loc":{"start":{"line":758,"column":139},"end":{"line":761,"column":null}}},"13":{"name":"useCreateCommentMutation","decl":{"start":{"line":793,"column":16},"end":{"line":793,"column":41}},"loc":{"start":{"line":793,"column":138},"end":{"line":796,"column":null}}},"14":{"name":"useDeleteCommentMutation","decl":{"start":{"line":824,"column":16},"end":{"line":824,"column":41}},"loc":{"start":{"line":824,"column":138},"end":{"line":827,"column":null}}},"15":{"name":"useDeletePostMutation","decl":{"start":{"line":857,"column":16},"end":{"line":857,"column":38}},"loc":{"start":{"line":857,"column":129},"end":{"line":860,"column":null}}},"16":{"name":"useEditPostMutation","decl":{"start":{"line":892,"column":16},"end":{"line":892,"column":36}},"loc":{"start":{"line":892,"column":123},"end":{"line":895,"column":null}}},"17":{"name":"useGetCommentsByPostIdQuery","decl":{"start":{"line":932,"column":16},"end":{"line":932,"column":44}},"loc":{"start":{"line":932,"column":235},"end":{"line":935,"column":null}}},"18":{"name":"useGetCommentsByPostIdLazyQuery","decl":{"start":{"line":936,"column":16},"end":{"line":936,"column":48}},"loc":{"start":{"line":936,"column":152},"end":{"line":939,"column":null}}},"19":{"name":"useGetCommentsByPostIdSuspenseQuery","decl":{"start":{"line":940,"column":16},"end":{"line":940,"column":52}},"loc":{"start":{"line":940,"column":160},"end":{"line":943,"column":null}}},"20":{"name":"useGetPostByIdQuery","decl":{"start":{"line":987,"column":16},"end":{"line":987,"column":36}},"loc":{"start":{"line":987,"column":203},"end":{"line":990,"column":null}}},"21":{"name":"useGetPostByIdLazyQuery","decl":{"start":{"line":991,"column":16},"end":{"line":991,"column":40}},"loc":{"start":{"line":991,"column":128},"end":{"line":994,"column":null}}},"22":{"name":"useGetPostByIdSuspenseQuery","decl":{"start":{"line":995,"column":16},"end":{"line":995,"column":44}},"loc":{"start":{"line":995,"column":136},"end":{"line":998,"column":null}}},"23":{"name":"useChangePasswordMutation","decl":{"start":{"line":1033,"column":16},"end":{"line":1033,"column":42}},"loc":{"start":{"line":1033,"column":141},"end":{"line":1036,"column":null}}},"24":{"name":"useUpdateUserProfileMutation","decl":{"start":{"line":1075,"column":16},"end":{"line":1075,"column":45}},"loc":{"start":{"line":1075,"column":150},"end":{"line":1078,"column":null}}},"25":{"name":"useGetFavoriteUserPostsQuery","decl":{"start":{"line":1108,"column":16},"end":{"line":1108,"column":45}},"loc":{"start":{"line":1108,"column":239},"end":{"line":1111,"column":null}}},"26":{"name":"useGetFavoriteUserPostsLazyQuery","decl":{"start":{"line":1112,"column":16},"end":{"line":1112,"column":49}},"loc":{"start":{"line":1112,"column":155},"end":{"line":1115,"column":null}}},"27":{"name":"useGetFavoriteUserPostsSuspenseQuery","decl":{"start":{"line":1116,"column":16},"end":{"line":1116,"column":53}},"loc":{"start":{"line":1116,"column":163},"end":{"line":1119,"column":null}}},"28":{"name":"useGetUserProfileQuery","decl":{"start":{"line":1163,"column":16},"end":{"line":1163,"column":39}},"loc":{"start":{"line":1163,"column":215},"end":{"line":1166,"column":null}}},"29":{"name":"useGetUserProfileLazyQuery","decl":{"start":{"line":1167,"column":16},"end":{"line":1167,"column":43}},"loc":{"start":{"line":1167,"column":137},"end":{"line":1170,"column":null}}},"30":{"name":"useGetUserProfileSuspenseQuery","decl":{"start":{"line":1171,"column":16},"end":{"line":1171,"column":47}},"loc":{"start":{"line":1171,"column":145},"end":{"line":1174,"column":null}}},"31":{"name":"useLoginUserMutation","decl":{"start":{"line":1213,"column":16},"end":{"line":1213,"column":37}},"loc":{"start":{"line":1213,"column":126},"end":{"line":1216,"column":null}}},"32":{"name":"useLogoutUserMutation","decl":{"start":{"line":1243,"column":16},"end":{"line":1243,"column":38}},"loc":{"start":{"line":1243,"column":129},"end":{"line":1246,"column":null}}},"33":{"name":"useRefreshAuthMutation","decl":{"start":{"line":1282,"column":16},"end":{"line":1282,"column":39}},"loc":{"start":{"line":1282,"column":132},"end":{"line":1285,"column":null}}},"34":{"name":"useRegisterUserMutation","decl":{"start":{"line":1328,"column":16},"end":{"line":1328,"column":40}},"loc":{"start":{"line":1328,"column":135},"end":{"line":1331,"column":null}}},"35":{"name":"useCreateMessageMutation","decl":{"start":{"line":1363,"column":16},"end":{"line":1363,"column":41}},"loc":{"start":{"line":1363,"column":138},"end":{"line":1366,"column":null}}},"36":{"name":"useSearchUsersQuery","decl":{"start":{"line":1395,"column":16},"end":{"line":1395,"column":36}},"loc":{"start":{"line":1395,"column":120},"end":{"line":1398,"column":null}}},"37":{"name":"useSearchUsersLazyQuery","decl":{"start":{"line":1399,"column":16},"end":{"line":1399,"column":40}},"loc":{"start":{"line":1399,"column":128},"end":{"line":1402,"column":null}}},"38":{"name":"useSearchUsersSuspenseQuery","decl":{"start":{"line":1403,"column":16},"end":{"line":1403,"column":44}},"loc":{"start":{"line":1403,"column":136},"end":{"line":1406,"column":null}}},"39":{"name":"useToggleUserFollowMutation","decl":{"start":{"line":1437,"column":16},"end":{"line":1437,"column":44}},"loc":{"start":{"line":1437,"column":147},"end":{"line":1440,"column":null}}},"40":{"name":"useLikePostMutation","decl":{"start":{"line":1470,"column":16},"end":{"line":1470,"column":36}},"loc":{"start":{"line":1470,"column":123},"end":{"line":1473,"column":null}}},"41":{"name":"useCreatePostMutation","decl":{"start":{"line":1505,"column":16},"end":{"line":1505,"column":38}},"loc":{"start":{"line":1505,"column":129},"end":{"line":1508,"column":null}}},"42":{"name":"useGetUsersQuery","decl":{"start":{"line":1546,"column":16},"end":{"line":1546,"column":33}},"loc":{"start":{"line":1546,"column":111},"end":{"line":1549,"column":null}}},"43":{"name":"useGetUsersLazyQuery","decl":{"start":{"line":1550,"column":16},"end":{"line":1550,"column":37}},"loc":{"start":{"line":1550,"column":119},"end":{"line":1553,"column":null}}},"44":{"name":"useGetUsersSuspenseQuery","decl":{"start":{"line":1554,"column":16},"end":{"line":1554,"column":41}},"loc":{"start":{"line":1554,"column":127},"end":{"line":1557,"column":null}}},"45":{"name":"useGetSettingsQuery","decl":{"start":{"line":1585,"column":16},"end":{"line":1585,"column":36}},"loc":{"start":{"line":1585,"column":120},"end":{"line":1588,"column":null}}},"46":{"name":"useGetSettingsLazyQuery","decl":{"start":{"line":1589,"column":16},"end":{"line":1589,"column":40}},"loc":{"start":{"line":1589,"column":128},"end":{"line":1592,"column":null}}},"47":{"name":"useGetSettingsSuspenseQuery","decl":{"start":{"line":1593,"column":16},"end":{"line":1593,"column":44}},"loc":{"start":{"line":1593,"column":136},"end":{"line":1596,"column":null}}},"48":{"name":"useRefreshTokenMutation","decl":{"start":{"line":1626,"column":16},"end":{"line":1626,"column":40}},"loc":{"start":{"line":1626,"column":135},"end":{"line":1629,"column":null}}}},"branchMap":{},"s":{"0":0,"1":0,"2":0,"3":0,"4":0,"5":0,"6":0,"7":0,"8":0,"9":0,"10":0,"11":0,"12":0,"13":0,"14":0,"15":0,"16":0,"17":0,"18":0,"19":0,"20":0,"21":0,"22":0,"23":0,"24":0,"25":0,"26":0,"27":0,"28":0,"29":0,"30":0,"31":0,"32":0,"33":0,"34":0,"35":0,"36":0,"37":0,"38":0,"39":0,"40":0,"41":0,"42":0,"43":0,"44":0,"45":0,"46":0,"47":0,"48":0,"49":0,"50":0,"51":0,"52":0,"53":0,"54":0,"55":0,"56":0,"57":0,"58":0,"59":0,"60":0,"61":0,"62":0,"63":0,"64":0,"65":0,"66":0,"67":0,"68":0,"69":0,"70":0,"71":0,"72":0,"73":0,"74":0,"75":0,"76":0,"77":0,"78":0,"79":0,"80":0,"81":0,"82":0,"83":0,"84":0,"85":0,"86":0,"87":0,"88":0,"89":0,"90":0,"91":0,"92":0,"93":0,"94":0,"95":0,"96":0,"97":0,"98":0,"99":0,"100":0,"101":0,"102":0,"103":0,"104":0,"105":0,"106":0,"107":0,"108":0,"109":0,"110":0,"111":0,"112":0,"113":0,"114":0,"115":0,"116":0,"117":0,"118":0,"119":0,"120":0,"121":0,"122":0,"123":0,"124":0,"125":0},"f":{"0":0,"1":0,"2":0,"3":0,"4":0,"5":0,"6":0,"7":0,"8":0,"9":0,"10":0,"11":0,"12":0,"13":0,"14":0,"15":0,"16":0,"17":0,"18":0,"19":0,"20":0,"21":0,"22":0,"23":0,"24":0,"25":0,"26":0,"27":0,"28":0,"29":0,"30":0,"31":0,"32":0,"33":0,"34":0,"35":0,"36":0,"37":0,"38":0,"39":0,"40":0,"41":0,"42":0,"43":0,"44":0,"45":0,"46":0,"47":0,"48":0},"b":{}}
,"/Users/nikitapiliavets/Documents/projects/toc-tok-graphql/frontend/src/hooks/useClickOutside.ts": {"path":"/Users/nikitapiliavets/Documents/projects/toc-tok-graphql/frontend/src/hooks/useClickOutside.ts","statementMap":{"0":{"start":{"line":3,"column":31},"end":{"line":18,"column":null}},"1":{"start":{"line":4,"column":14},"end":{"line":4,"column":null}},"2":{"start":{"line":6,"column":2},"end":{"line":15,"column":null}},"3":{"start":{"line":7,"column":23},"end":{"line":11,"column":null}},"4":{"start":{"line":8,"column":6},"end":{"line":10,"column":null}},"5":{"start":{"line":9,"column":8},"end":{"line":9,"column":null}},"6":{"start":{"line":12,"column":4},"end":{"line":12,"column":null}},"7":{"start":{"line":14,"column":4},"end":{"line":14,"column":null}},"8":{"start":{"line":14,"column":17},"end":{"line":14,"column":null}},"9":{"start":{"line":17,"column":2},"end":{"line":17,"column":null}}},"fnMap":{"0":{"name":"(anonymous_0)","decl":{"start":{"line":3,"column":31},"end":{"line":3,"column":55}},"loc":{"start":{"line":3,"column":80},"end":{"line":18,"column":null}}},"1":{"name":"(anonymous_1)","decl":{"start":{"line":6,"column":12},"end":{"line":6,"column":18}},"loc":{"start":{"line":6,"column":18},"end":{"line":15,"column":5}}},"2":{"name":"(anonymous_2)","decl":{"start":{"line":7,"column":23},"end":{"line":7,"column":24}},"loc":{"start":{"line":7,"column":42},"end":{"line":11,"column":null}}},"3":{"name":"(anonymous_3)","decl":{"start":{"line":14,"column":11},"end":{"line":14,"column":17}},"loc":{"start":{"line":14,"column":17},"end":{"line":14,"column":null}}}},"branchMap":{"0":{"loc":{"start":{"line":8,"column":6},"end":{"line":10,"column":null}},"type":"if","locations":[{"start":{"line":8,"column":6},"end":{"line":10,"column":null}},{"start":{},"end":{}}]},"1":{"loc":{"start":{"line":8,"column":10},"end":{"line":8,"column":80}},"type":"binary-expr","locations":[{"start":{"line":8,"column":10},"end":{"line":8,"column":38}},{"start":{"line":8,"column":38},"end":{"line":8,"column":80}}]}},"s":{"0":1,"1":9,"2":9,"3":4,"4":1,"5":0,"6":4,"7":4,"8":4,"9":9},"f":{"0":9,"1":4,"2":1,"3":4},"b":{"0":[0,1],"1":[1,1]}}
,"/Users/nikitapiliavets/Documents/projects/toc-tok-graphql/frontend/src/hooks/useDebounce.ts": {"path":"/Users/nikitapiliavets/Documents/projects/toc-tok-graphql/frontend/src/hooks/useDebounce.ts","statementMap":{"0":{"start":{"line":1,"column":27},"end":{"line":12,"column":null}},"1":{"start":{"line":2,"column":54},"end":{"line":2,"column":null}},"2":{"start":{"line":4,"column":2},"end":{"line":11,"column":null}},"3":{"start":{"line":5,"column":4},"end":{"line":7,"column":null}},"4":{"start":{"line":6,"column":6},"end":{"line":6,"column":null}},"5":{"start":{"line":8,"column":4},"end":{"line":10,"column":null}},"6":{"start":{"line":9,"column":6},"end":{"line":9,"column":null}}},"fnMap":{"0":{"name":"(anonymous_0)","decl":{"start":{"line":1,"column":27},"end":{"line":1,"column":31}},"loc":{"start":{"line":1,"column":70},"end":{"line":12,"column":null}}},"1":{"name":"(anonymous_1)","decl":{"start":{"line":4,"column":9},"end":{"line":4,"column":10}},"loc":{"start":{"line":4,"column":21},"end":{"line":11,"column":null}}},"2":{"name":"(anonymous_2)","decl":{"start":{"line":8,"column":25},"end":{"line":8,"column":31}},"loc":{"start":{"line":8,"column":31},"end":{"line":10,"column":7}}}},"branchMap":{"0":{"loc":{"start":{"line":1,"column":54},"end":{"line":1,"column":70}},"type":"default-arg","locations":[{"start":{"line":1,"column":62},"end":{"line":1,"column":70}}]},"1":{"loc":{"start":{"line":5,"column":4},"end":{"line":7,"column":null}},"type":"if","locations":[{"start":{"line":5,"column":4},"end":{"line":7,"column":null}},{"start":{},"end":{}}]}},"s":{"0":0,"1":0,"2":0,"3":0,"4":0,"5":0,"6":0},"f":{"0":0,"1":0,"2":0},"b":{"0":[0],"1":[0,0]}}
,"/Users/nikitapiliavets/Documents/projects/toc-tok-graphql/frontend/src/hooks/useScrollBottom.ts": {"path":"/Users/nikitapiliavets/Documents/projects/toc-tok-graphql/frontend/src/hooks/useScrollBottom.ts","statementMap":{"0":{"start":{"line":3,"column":31},"end":{"line":13,"column":null}},"1":{"start":{"line":4,"column":14},"end":{"line":4,"column":null}},"2":{"start":{"line":6,"column":2},"end":{"line":10,"column":null}},"3":{"start":{"line":7,"column":4},"end":{"line":9,"column":null}},"4":{"start":{"line":8,"column":6},"end":{"line":8,"column":null}},"5":{"start":{"line":12,"column":2},"end":{"line":12,"column":null}}},"fnMap":{"0":{"name":"(anonymous_0)","decl":{"start":{"line":3,"column":31},"end":{"line":3,"column":58}},"loc":{"start":{"line":3,"column":76},"end":{"line":13,"column":null}}},"1":{"name":"(anonymous_1)","decl":{"start":{"line":6,"column":12},"end":{"line":6,"column":18}},"loc":{"start":{"line":6,"column":18},"end":{"line":10,"column":5}}}},"branchMap":{"0":{"loc":{"start":{"line":7,"column":4},"end":{"line":9,"column":null}},"type":"if","locations":[{"start":{"line":7,"column":4},"end":{"line":9,"column":null}},{"start":{},"end":{}}]}},"s":{"0":0,"1":0,"2":0,"3":0,"4":0,"5":0},"f":{"0":0,"1":0},"b":{"0":[0,0]}}
,"/Users/nikitapiliavets/Documents/projects/toc-tok-graphql/frontend/src/hooks/useShowElement.ts": {"path":"/Users/nikitapiliavets/Documents/projects/toc-tok-graphql/frontend/src/hooks/useShowElement.ts","statementMap":{"0":{"start":{"line":3,"column":30},"end":{"line":15,"column":null}},"1":{"start":{"line":4,"column":34},"end":{"line":4,"column":null}},"2":{"start":{"line":6,"column":15},"end":{"line":8,"column":null}},"3":{"start":{"line":7,"column":4},"end":{"line":7,"column":null}},"4":{"start":{"line":10,"column":16},"end":{"line":12,"column":null}},"5":{"start":{"line":11,"column":4},"end":{"line":11,"column":null}},"6":{"start":{"line":14,"column":2},"end":{"line":14,"column":null}}},"fnMap":{"0":{"name":"(anonymous_0)","decl":{"start":{"line":3,"column":30},"end":{"line":3,"column":31}},"loc":{"start":{"line":3,"column":57},"end":{"line":15,"column":null}}},"1":{"name":"(anonymous_1)","decl":{"start":{"line":6,"column":27},"end":{"line":6,"column":33}},"loc":{"start":{"line":6,"column":33},"end":{"line":8,"column":5}}},"2":{"name":"(anonymous_2)","decl":{"start":{"line":10,"column":28},"end":{"line":10,"column":34}},"loc":{"start":{"line":10,"column":34},"end":{"line":12,"column":5}}}},"branchMap":{"0":{"loc":{"start":{"line":3,"column":31},"end":{"line":3,"column":57}},"type":"default-arg","locations":[{"start":{"line":3,"column":47},"end":{"line":3,"column":57}}]}},"s":{"0":1,"1":9,"2":9,"3":2,"4":9,"5":1,"6":9},"f":{"0":9,"1":2,"2":1},"b":{"0":[9]}}
,"/Users/nikitapiliavets/Documents/projects/toc-tok-graphql/frontend/src/hooks/useSockets.ts": {"path":"/Users/nikitapiliavets/Documents/projects/toc-tok-graphql/frontend/src/hooks/useSockets.ts","statementMap":{"0":{"start":{"line":5,"column":26},"end":{"line":41,"column":null}},"1":{"start":{"line":6,"column":30},"end":{"line":6,"column":null}},"2":{"start":{"line":8,"column":18},"end":{"line":23,"column":null}},"3":{"start":{"line":9,"column":16},"end":{"line":9,"column":null}},"4":{"start":{"line":10,"column":4},"end":{"line":22,"column":null}},"5":{"start":{"line":11,"column":28},"end":{"line":19,"column":null}},"6":{"start":{"line":20,"column":24},"end":{"line":20,"column":null}},"7":{"start":{"line":21,"column":6},"end":{"line":21,"column":null}},"8":{"start":{"line":25,"column":19},"end":{"line":30,"column":null}},"9":{"start":{"line":27,"column":6},"end":{"line":27,"column":null}},"10":{"start":{"line":32,"column":2},"end":{"line":38,"column":null}},"11":{"start":{"line":33,"column":4},"end":{"line":33,"column":null}},"12":{"start":{"line":35,"column":4},"end":{"line":37,"column":null}},"13":{"start":{"line":36,"column":6},"end":{"line":36,"column":null}},"14":{"start":{"line":40,"column":2},"end":{"line":40,"column":null}}},"fnMap":{"0":{"name":"(anonymous_0)","decl":{"start":{"line":5,"column":26},"end":{"line":5,"column":32}},"loc":{"start":{"line":5,"column":32},"end":{"line":41,"column":null}}},"1":{"name":"(anonymous_1)","decl":{"start":{"line":8,"column":30},"end":{"line":8,"column":36}},"loc":{"start":{"line":8,"column":36},"end":{"line":23,"column":5}}},"2":{"name":"(anonymous_2)","decl":{"start":{"line":26,"column":4},"end":{"line":26,"column":5}},"loc":{"start":{"line":26,"column":24},"end":{"line":28,"column":null}}},"3":{"name":"(anonymous_3)","decl":{"start":{"line":32,"column":12},"end":{"line":32,"column":18}},"loc":{"start":{"line":32,"column":18},"end":{"line":38,"column":5}}},"4":{"name":"(anonymous_4)","decl":{"start":{"line":35,"column":11},"end":{"line":35,"column":17}},"loc":{"start":{"line":35,"column":17},"end":{"line":37,"column":null}}}},"branchMap":{"0":{"loc":{"start":{"line":10,"column":4},"end":{"line":22,"column":null}},"type":"if","locations":[{"start":{"line":10,"column":4},"end":{"line":22,"column":null}},{"start":{},"end":{}}]},"1":{"loc":{"start":{"line":10,"column":8},"end":{"line":10,"column":24}},"type":"binary-expr","locations":[{"start":{"line":10,"column":8},"end":{"line":10,"column":15}},{"start":{"line":10,"column":15},"end":{"line":10,"column":24}}]}},"s":{"0":0,"1":0,"2":0,"3":0,"4":0,"5":0,"6":0,"7":0,"8":0,"9":0,"10":0,"11":0,"12":0,"13":0,"14":0},"f":{"0":0,"1":0,"2":0,"3":0,"4":0},"b":{"0":[0,0],"1":[0,0]}}
,"/Users/nikitapiliavets/Documents/projects/toc-tok-graphql/frontend/src/layouts/UploadLayout.tsx": {"path":"/Users/nikitapiliavets/Documents/projects/toc-tok-graphql/frontend/src/layouts/UploadLayout.tsx","statementMap":{"0":{"start":{"line":4,"column":21},"end":{"line":14,"column":null}},"1":{"start":{"line":5,"column":2},"end":{"line":12,"column":null}}},"fnMap":{"0":{"name":"(anonymous_0)","decl":{"start":{"line":4,"column":21},"end":{"line":4,"column":22}},"loc":{"start":{"line":4,"column":59},"end":{"line":14,"column":null}}}},"branchMap":{},"s":{"0":0,"1":0},"f":{"0":0},"b":{}}
,"/Users/nikitapiliavets/Documents/projects/toc-tok-graphql/frontend/src/layouts/components/AppHeader/AppHeader.tsx": {"path":"/Users/nikitapiliavets/Documents/projects/toc-tok-graphql/frontend/src/layouts/components/AppHeader/AppHeader.tsx","statementMap":{"0":{"start":{"line":17,"column":18},"end":{"line":100,"column":null}},"1":{"start":{"line":18,"column":15},"end":{"line":18,"column":null}},"2":{"start":{"line":19,"column":22},"end":{"line":19,"column":null}},"3":{"start":{"line":21,"column":15},"end":{"line":21,"column":null}},"4":{"start":{"line":21,"column":39},"end":{"line":21,"column":49}},"5":{"start":{"line":22,"column":17},"end":{"line":22,"column":null}},"6":{"start":{"line":22,"column":41},"end":{"line":22,"column":53}},"7":{"start":{"line":23,"column":27},"end":{"line":23,"column":null}},"8":{"start":{"line":23,"column":51},"end":{"line":23,"column":73}},"9":{"start":{"line":25,"column":27},"end":{"line":25,"column":null}},"10":{"start":{"line":25,"column":65},"end":{"line":25,"column":77}},"11":{"start":{"line":27,"column":23},"end":{"line":27,"column":null}},"12":{"start":{"line":29,"column":23},"end":{"line":34,"column":null}},"13":{"start":{"line":30,"column":4},"end":{"line":30,"column":null}},"14":{"start":{"line":31,"column":4},"end":{"line":31,"column":null}},"15":{"start":{"line":32,"column":4},"end":{"line":32,"column":null}},"16":{"start":{"line":33,"column":4},"end":{"line":33,"column":null}},"17":{"start":{"line":36,"column":2},"end":{"line":38,"column":null}},"18":{"start":{"line":37,"column":4},"end":{"line":37,"column":null}},"19":{"start":{"line":40,"column":2},"end":{"line":98,"column":null}},"20":{"start":{"line":65,"column":29},"end":{"line":65,"column":null}}},"fnMap":{"0":{"name":"(anonymous_0)","decl":{"start":{"line":17,"column":18},"end":{"line":17,"column":24}},"loc":{"start":{"line":17,"column":24},"end":{"line":100,"column":null}}},"1":{"name":"(anonymous_1)","decl":{"start":{"line":21,"column":28},"end":{"line":21,"column":29}},"loc":{"start":{"line":21,"column":39},"end":{"line":21,"column":49}}},"2":{"name":"(anonymous_2)","decl":{"start":{"line":22,"column":30},"end":{"line":22,"column":31}},"loc":{"start":{"line":22,"column":41},"end":{"line":22,"column":53}}},"3":{"name":"(anonymous_3)","decl":{"start":{"line":23,"column":40},"end":{"line":23,"column":41}},"loc":{"start":{"line":23,"column":51},"end":{"line":23,"column":73}}},"4":{"name":"(anonymous_4)","decl":{"start":{"line":25,"column":59},"end":{"line":25,"column":65}},"loc":{"start":{"line":25,"column":65},"end":{"line":25,"column":77}}},"5":{"name":"(anonymous_5)","decl":{"start":{"line":29,"column":23},"end":{"line":29,"column":35}},"loc":{"start":{"line":29,"column":35},"end":{"line":34,"column":null}}},"6":{"name":"(anonymous_6)","decl":{"start":{"line":65,"column":23},"end":{"line":65,"column":29}},"loc":{"start":{"line":65,"column":29},"end":{"line":65,"column":null}}}},"branchMap":{"0":{"loc":{"start":{"line":36,"column":2},"end":{"line":38,"column":null}},"type":"if","locations":[{"start":{"line":36,"column":2},"end":{"line":38,"column":null}},{"start":{},"end":{}}]},"1":{"loc":{"start":{"line":70,"column":13},"end":{"line":87,"column":null}},"type":"binary-expr","locations":[{"start":{"line":70,"column":13},"end":{"line":70,"column":null}},{"start":{"line":71,"column":14},"end":{"line":87,"column":null}}]}},"s":{"0":0,"1":0,"2":0,"3":0,"4":0,"5":0,"6":0,"7":0,"8":0,"9":0,"10":0,"11":0,"12":0,"13":0,"14":0,"15":0,"16":0,"17":0,"18":0,"19":0,"20":0},"f":{"0":0,"1":0,"2":0,"3":0,"4":0,"5":0,"6":0},"b":{"0":[0,0],"1":[0,0]}}
,"/Users/nikitapiliavets/Documents/projects/toc-tok-graphql/frontend/src/layouts/components/AppHeader/SearchUsersForm.tsx": {"path":"/Users/nikitapiliavets/Documents/projects/toc-tok-graphql/frontend/src/layouts/components/AppHeader/SearchUsersForm.tsx","statementMap":{"0":{"start":{"line":6,"column":24},"end":{"line":46,"column":null}},"1":{"start":{"line":7,"column":25},"end":{"line":7,"column":null}},"2":{"start":{"line":8,"column":30},"end":{"line":8,"column":null}},"3":{"start":{"line":10,"column":19},"end":{"line":10,"column":null}},"4":{"start":{"line":12,"column":19},"end":{"line":14,"column":null}},"5":{"start":{"line":13,"column":4},"end":{"line":13,"column":null}},"6":{"start":{"line":16,"column":2},"end":{"line":22,"column":null}},"7":{"start":{"line":17,"column":29},"end":{"line":17,"column":null}},"8":{"start":{"line":19,"column":4},"end":{"line":21,"column":null}},"9":{"start":{"line":20,"column":6},"end":{"line":20,"column":null}},"10":{"start":{"line":24,"column":2},"end":{"line":44,"column":null}},"11":{"start":{"line":31,"column":25},"end":{"line":31,"column":null}}},"fnMap":{"0":{"name":"(anonymous_0)","decl":{"start":{"line":6,"column":24},"end":{"line":6,"column":30}},"loc":{"start":{"line":6,"column":30},"end":{"line":46,"column":null}}},"1":{"name":"(anonymous_1)","decl":{"start":{"line":12,"column":19},"end":{"line":12,"column":25}},"loc":{"start":{"line":12,"column":25},"end":{"line":14,"column":null}}},"2":{"name":"(anonymous_2)","decl":{"start":{"line":16,"column":12},"end":{"line":16,"column":18}},"loc":{"start":{"line":16,"column":18},"end":{"line":22,"column":5}}},"3":{"name":"(anonymous_3)","decl":{"start":{"line":31,"column":18},"end":{"line":31,"column":19}},"loc":{"start":{"line":31,"column":25},"end":{"line":31,"column":null}}}},"branchMap":{"0":{"loc":{"start":{"line":19,"column":4},"end":{"line":21,"column":null}},"type":"if","locations":[{"start":{"line":19,"column":4},"end":{"line":21,"column":null}},{"start":{},"end":{}}]}},"s":{"0":0,"1":0,"2":0,"3":0,"4":0,"5":0,"6":0,"7":0,"8":0,"9":0,"10":0,"11":0},"f":{"0":0,"1":0,"2":0,"3":0},"b":{"0":[0,0]}}
,"/Users/nikitapiliavets/Documents/projects/toc-tok-graphql/frontend/src/layouts/main/MainLayout.tsx": {"path":"/Users/nikitapiliavets/Documents/projects/toc-tok-graphql/frontend/src/layouts/main/MainLayout.tsx","statementMap":{"0":{"start":{"line":5,"column":19},"end":{"line":18,"column":null}},"1":{"start":{"line":6,"column":2},"end":{"line":16,"column":null}}},"fnMap":{"0":{"name":"(anonymous_0)","decl":{"start":{"line":5,"column":19},"end":{"line":5,"column":25}},"loc":{"start":{"line":5,"column":25},"end":{"line":18,"column":null}}}},"branchMap":{},"s":{"0":0,"1":0},"f":{"0":0},"b":{}}
,"/Users/nikitapiliavets/Documents/projects/toc-tok-graphql/frontend/src/layouts/main/components/SideNav/MenuItem.tsx": {"path":"/Users/nikitapiliavets/Documents/projects/toc-tok-graphql/frontend/src/layouts/main/components/SideNav/MenuItem.tsx","statementMap":{"0":{"start":{"line":12,"column":17},"end":{"line":34,"column":null}},"1":{"start":{"line":13,"column":2},"end":{"line":32,"column":null}}},"fnMap":{"0":{"name":"(anonymous_0)","decl":{"start":{"line":12,"column":17},"end":{"line":12,"column":18}},"loc":{"start":{"line":12,"column":74},"end":{"line":34,"column":null}}}},"branchMap":{"0":{"loc":{"start":{"line":26,"column":9},"end":{"line":29,"column":null}},"type":"binary-expr","locations":[{"start":{"line":26,"column":9},"end":{"line":26,"column":null}},{"start":{"line":27,"column":10},"end":{"line":29,"column":null}}]}},"s":{"0":0,"1":0},"f":{"0":0},"b":{"0":[0,0]}}
,"/Users/nikitapiliavets/Documents/projects/toc-tok-graphql/frontend/src/layouts/main/components/SideNav/SideNav.tsx": {"path":"/Users/nikitapiliavets/Documents/projects/toc-tok-graphql/frontend/src/layouts/main/components/SideNav/SideNav.tsx","statementMap":{"0":{"start":{"line":14,"column":16},"end":{"line":89,"column":null}},"1":{"start":{"line":15,"column":29},"end":{"line":15,"column":null}},"2":{"start":{"line":16,"column":42},"end":{"line":16,"column":null}},"3":{"start":{"line":17,"column":15},"end":{"line":17,"column":null}},"4":{"start":{"line":17,"column":39},"end":{"line":17,"column":49}},"5":{"start":{"line":18,"column":25},"end":{"line":18,"column":null}},"6":{"start":{"line":18,"column":48},"end":{"line":18,"column":82}},"7":{"start":{"line":20,"column":28},"end":{"line":20,"column":null}},"8":{"start":{"line":22,"column":25},"end":{"line":24,"column":null}},"9":{"start":{"line":23,"column":4},"end":{"line":23,"column":null}},"10":{"start":{"line":26,"column":24},"end":{"line":28,"column":null}},"11":{"start":{"line":27,"column":4},"end":{"line":27,"column":null}},"12":{"start":{"line":30,"column":2},"end":{"line":87,"column":null}},"13":{"start":{"line":71,"column":12},"end":{"line":73,"column":null}},"14":{"start":{"line":80,"column":27},"end":{"line":80,"column":null}}},"fnMap":{"0":{"name":"(anonymous_0)","decl":{"start":{"line":14,"column":16},"end":{"line":14,"column":22}},"loc":{"start":{"line":14,"column":22},"end":{"line":89,"column":null}}},"1":{"name":"(anonymous_1)","decl":{"start":{"line":17,"column":28},"end":{"line":17,"column":29}},"loc":{"start":{"line":17,"column":39},"end":{"line":17,"column":49}}},"2":{"name":"(anonymous_2)","decl":{"start":{"line":18,"column":37},"end":{"line":18,"column":38}},"loc":{"start":{"line":18,"column":48},"end":{"line":18,"column":82}}},"3":{"name":"(anonymous_3)","decl":{"start":{"line":22,"column":33},"end":{"line":22,"column":39}},"loc":{"start":{"line":22,"column":39},"end":{"line":24,"column":5}}},"4":{"name":"(anonymous_4)","decl":{"start":{"line":26,"column":32},"end":{"line":26,"column":38}},"loc":{"start":{"line":26,"column":38},"end":{"line":28,"column":5}}},"5":{"name":"(anonymous_5)","decl":{"start":{"line":70,"column":31},"end":{"line":70,"column":32}},"loc":{"start":{"line":71,"column":12},"end":{"line":73,"column":null}}},"6":{"name":"(anonymous_6)","decl":{"start":{"line":80,"column":21},"end":{"line":80,"column":27}},"loc":{"start":{"line":80,"column":27},"end":{"line":80,"column":null}}}},"branchMap":{"0":{"loc":{"start":{"line":23,"column":11},"end":{"line":23,"column":null}},"type":"cond-expr","locations":[{"start":{"line":23,"column":26},"end":{"line":23,"column":43}},{"start":{"line":23,"column":43},"end":{"line":23,"column":null}}]},"1":{"loc":{"start":{"line":27,"column":12},"end":{"line":27,"column":43}},"type":"binary-expr","locations":[{"start":{"line":27,"column":12},"end":{"line":27,"column":38}},{"start":{"line":27,"column":38},"end":{"line":27,"column":43}}]},"2":{"loc":{"start":{"line":41,"column":68},"end":{"line":41,"column":81}},"type":"binary-expr","locations":[{"start":{"line":41,"column":68},"end":{"line":41,"column":80}},{"start":{"line":41,"column":80},"end":{"line":41,"column":81}}]},"3":{"loc":{"start":{"line":47,"column":68},"end":{"line":47,"column":81}},"type":"binary-expr","locations":[{"start":{"line":47,"column":68},"end":{"line":47,"column":80}},{"start":{"line":47,"column":80},"end":{"line":47,"column":81}}]},"4":{"loc":{"start":{"line":63,"column":9},"end":{"line":66,"column":null}},"type":"binary-expr","locations":[{"start":{"line":63,"column":9},"end":{"line":63,"column":null}},{"start":{"line":64,"column":10},"end":{"line":66,"column":null}}]},"5":{"loc":{"start":{"line":77,"column":9},"end":{"line":84,"column":null}},"type":"binary-expr","locations":[{"start":{"line":77,"column":9},"end":{"line":77,"column":null}},{"start":{"line":78,"column":10},"end":{"line":84,"column":null}}]},"6":{"loc":{"start":{"line":82,"column":13},"end":{"line":82,"column":null}},"type":"cond-expr","locations":[{"start":{"line":82,"column":28},"end":{"line":82,"column":47}},{"start":{"line":82,"column":47},"end":{"line":82,"column":null}}]},"7":{"loc":{"start":{"line":83,"column":47},"end":{"line":83,"column":88}},"type":"cond-expr","locations":[{"start":{"line":83,"column":62},"end":{"line":83,"column":76}},{"start":{"line":83,"column":76},"end":{"line":83,"column":88}}]}},"s":{"0":0,"1":0,"2":0,"3":0,"4":0,"5":0,"6":0,"7":0,"8":0,"9":0,"10":0,"11":0,"12":0,"13":0,"14":0},"f":{"0":0,"1":0,"2":0,"3":0,"4":0,"5":0,"6":0},"b":{"0":[0,0],"1":[0,0],"2":[0,0],"3":[0,0],"4":[0,0],"5":[0,0],"6":[0,0],"7":[0,0]}}
,"/Users/nikitapiliavets/Documents/projects/toc-tok-graphql/frontend/src/layouts/main/components/SideNav/SuggestedUser.tsx": {"path":"/Users/nikitapiliavets/Documents/projects/toc-tok-graphql/frontend/src/layouts/main/components/SideNav/SuggestedUser.tsx","statementMap":{"0":{"start":{"line":10,"column":22},"end":{"line":27,"column":null}},"1":{"start":{"line":11,"column":2},"end":{"line":25,"column":null}}},"fnMap":{"0":{"name":"(anonymous_0)","decl":{"start":{"line":10,"column":22},"end":{"line":10,"column":23}},"loc":{"start":{"line":10,"column":56},"end":{"line":27,"column":null}}}},"branchMap":{},"s":{"0":0,"1":0},"f":{"0":0},"b":{}}
,"/Users/nikitapiliavets/Documents/projects/toc-tok-graphql/frontend/src/layouts/main/components/SideNav/queries/GetSuggestedUsers.ts": {"path":"/Users/nikitapiliavets/Documents/projects/toc-tok-graphql/frontend/src/layouts/main/components/SideNav/queries/GetSuggestedUsers.ts","statementMap":{"0":{"start":{"line":3,"column":35},"end":{"line":3,"column":null}}},"fnMap":{},"branchMap":{},"s":{"0":0},"f":{},"b":{}}
,"/Users/nikitapiliavets/Documents/projects/toc-tok-graphql/frontend/src/modules/feed/components/FeedPost.tsx": {"path":"/Users/nikitapiliavets/Documents/projects/toc-tok-graphql/frontend/src/modules/feed/components/FeedPost.tsx","statementMap":{"0":{"start":{"line":18,"column":17},"end":{"line":81,"column":null}},"1":{"start":{"line":19,"column":19},"end":{"line":19,"column":null}},"2":{"start":{"line":21,"column":19},"end":{"line":23,"column":null}},"3":{"start":{"line":22,"column":4},"end":{"line":22,"column":null}},"4":{"start":{"line":25,"column":2},"end":{"line":79,"column":null}}},"fnMap":{"0":{"name":"(anonymous_0)","decl":{"start":{"line":18,"column":17},"end":{"line":18,"column":18}},"loc":{"start":{"line":18,"column":58},"end":{"line":81,"column":null}}},"1":{"name":"(anonymous_1)","decl":{"start":{"line":21,"column":31},"end":{"line":21,"column":37}},"loc":{"start":{"line":21,"column":37},"end":{"line":23,"column":5}}}},"branchMap":{"0":{"loc":{"start":{"line":50,"column":18},"end":{"line":50,"column":null}},"type":"binary-expr","locations":[{"start":{"line":50,"column":18},"end":{"line":50,"column":31}},{"start":{"line":50,"column":31},"end":{"line":50,"column":null}}]},"1":{"loc":{"start":{"line":74,"column":21},"end":{"line":74,"column":null}},"type":"binary-expr","locations":[{"start":{"line":74,"column":21},"end":{"line":74,"column":43}},{"start":{"line":74,"column":43},"end":{"line":74,"column":null}}]}},"s":{"0":0,"1":0,"2":0,"3":0,"4":0},"f":{"0":0,"1":0},"b":{"0":[0,0],"1":[0,0]}}
,"/Users/nikitapiliavets/Documents/projects/toc-tok-graphql/frontend/src/modules/feed/pages/Feed.tsx": {"path":"/Users/nikitapiliavets/Documents/projects/toc-tok-graphql/frontend/src/modules/feed/pages/Feed.tsx","statementMap":{"0":{"start":{"line":11,"column":13},"end":{"line":89,"column":null}},"1":{"start":{"line":12,"column":25},"end":{"line":12,"column":null}},"2":{"start":{"line":13,"column":30},"end":{"line":13,"column":null}},"3":{"start":{"line":15,"column":48},"end":{"line":21,"column":null}},"4":{"start":{"line":23,"column":24},"end":{"line":33,"column":null}},"5":{"start":{"line":25,"column":6},"end":{"line":25,"column":null}},"6":{"start":{"line":26,"column":6},"end":{"line":30,"column":null}},"7":{"start":{"line":35,"column":29},"end":{"line":41,"column":null}},"8":{"start":{"line":36,"column":4},"end":{"line":40,"column":null}},"9":{"start":{"line":43,"column":24},"end":{"line":55,"column":null}},"10":{"start":{"line":44,"column":4},"end":{"line":54,"column":null}},"11":{"start":{"line":47,"column":8},"end":{"line":49,"column":null}},"12":{"start":{"line":48,"column":10},"end":{"line":48,"column":null}},"13":{"start":{"line":50,"column":8},"end":{"line":52,"column":null}},"14":{"start":{"line":57,"column":2},"end":{"line":87,"column":null}},"15":{"start":{"line":67,"column":29},"end":{"line":67,"column":null}},"16":{"start":{"line":79,"column":8},"end":{"line":83,"column":null}}},"fnMap":{"0":{"name":"(anonymous_0)","decl":{"start":{"line":11,"column":13},"end":{"line":11,"column":19}},"loc":{"start":{"line":11,"column":19},"end":{"line":89,"column":null}}},"1":{"name":"(anonymous_1)","decl":{"start":{"line":24,"column":4},"end":{"line":24,"column":5}},"loc":{"start":{"line":24,"column":21},"end":{"line":31,"column":null}}},"2":{"name":"(anonymous_2)","decl":{"start":{"line":35,"column":41},"end":{"line":35,"column":47}},"loc":{"start":{"line":35,"column":47},"end":{"line":41,"column":5}}},"3":{"name":"(anonymous_3)","decl":{"start":{"line":43,"column":36},"end":{"line":43,"column":48}},"loc":{"start":{"line":43,"column":48},"end":{"line":55,"column":5}}},"4":{"name":"(anonymous_4)","decl":{"start":{"line":46,"column":19},"end":{"line":46,"column":20}},"loc":{"start":{"line":46,"column":50},"end":{"line":53,"column":null}}},"5":{"name":"(anonymous_5)","decl":{"start":{"line":67,"column":22},"end":{"line":67,"column":23}},"loc":{"start":{"line":67,"column":29},"end":{"line":67,"column":null}}},"6":{"name":"(anonymous_6)","decl":{"start":{"line":78,"column":26},"end":{"line":78,"column":27}},"loc":{"start":{"line":79,"column":8},"end":{"line":83,"column":null}}}},"branchMap":{"0":{"loc":{"start":{"line":13,"column":47},"end":{"line":13,"column":83}},"type":"binary-expr","locations":[{"start":{"line":13,"column":47},"end":{"line":13,"column":81}},{"start":{"line":13,"column":81},"end":{"line":13,"column":83}}]},"1":{"loc":{"start":{"line":45,"column":25},"end":{"line":45,"column":53}},"type":"binary-expr","locations":[{"start":{"line":45,"column":25},"end":{"line":45,"column":50}},{"start":{"line":45,"column":50},"end":{"line":45,"column":53}}]},"2":{"loc":{"start":{"line":47,"column":8},"end":{"line":49,"column":null}},"type":"if","locations":[{"start":{"line":47,"column":8},"end":{"line":49,"column":null}},{"start":{},"end":{}}]},"3":{"loc":{"start":{"line":76,"column":7},"end":{"line":76,"column":null}},"type":"binary-expr","locations":[{"start":{"line":76,"column":7},"end":{"line":76,"column":33}},{"start":{"line":76,"column":33},"end":{"line":76,"column":45}},{"start":{"line":76,"column":45},"end":{"line":76,"column":null}}]},"4":{"loc":{"start":{"line":84,"column":7},"end":{"line":86,"column":null}},"type":"binary-expr","locations":[{"start":{"line":84,"column":7},"end":{"line":86,"column":43}},{"start":{"line":86,"column":43},"end":{"line":86,"column":null}}]},"5":{"loc":{"start":{"line":86,"column":8},"end":{"line":86,"column":38}},"type":"binary-expr","locations":[{"start":{"line":86,"column":8},"end":{"line":86,"column":33}},{"start":{"line":86,"column":33},"end":{"line":86,"column":38}}]}},"s":{"0":0,"1":0,"2":0,"3":0,"4":0,"5":0,"6":0,"7":0,"8":0,"9":0,"10":0,"11":0,"12":0,"13":0,"14":0,"15":0,"16":0},"f":{"0":0,"1":0,"2":0,"3":0,"4":0,"5":0,"6":0},"b":{"0":[0,0],"1":[0,0],"2":[0,0],"3":[0,0,0],"4":[0,0],"5":[0,0]}}
,"/Users/nikitapiliavets/Documents/projects/toc-tok-graphql/frontend/src/modules/feed/queries/GetPosts.ts": {"path":"/Users/nikitapiliavets/Documents/projects/toc-tok-graphql/frontend/src/modules/feed/queries/GetPosts.ts","statementMap":{"0":{"start":{"line":3,"column":29},"end":{"line":3,"column":null}}},"fnMap":{},"branchMap":{},"s":{"0":0},"f":{},"b":{}}
,"/Users/nikitapiliavets/Documents/projects/toc-tok-graphql/frontend/src/modules/messages/components/ChatList.tsx": {"path":"/Users/nikitapiliavets/Documents/projects/toc-tok-graphql/frontend/src/modules/messages/components/ChatList.tsx","statementMap":{"0":{"start":{"line":10,"column":17},"end":{"line":37,"column":null}},"1":{"start":{"line":11,"column":2},"end":{"line":21,"column":null}},"2":{"start":{"line":12,"column":4},"end":{"line":19,"column":null}},"3":{"start":{"line":23,"column":2},"end":{"line":25,"column":null}},"4":{"start":{"line":24,"column":4},"end":{"line":24,"column":null}},"5":{"start":{"line":27,"column":2},"end":{"line":35,"column":null}},"6":{"start":{"line":30,"column":8},"end":{"line":33,"column":null}}},"fnMap":{"0":{"name":"(anonymous_0)","decl":{"start":{"line":10,"column":17},"end":{"line":10,"column":18}},"loc":{"start":{"line":10,"column":58},"end":{"line":37,"column":null}}},"1":{"name":"(anonymous_1)","decl":{"start":{"line":29,"column":17},"end":{"line":29,"column":18}},"loc":{"start":{"line":30,"column":8},"end":{"line":33,"column":null}}}},"branchMap":{"0":{"loc":{"start":{"line":11,"column":2},"end":{"line":21,"column":null}},"type":"if","locations":[{"start":{"line":11,"column":2},"end":{"line":21,"column":null}},{"start":{},"end":{}}]},"1":{"loc":{"start":{"line":23,"column":2},"end":{"line":25,"column":null}},"type":"if","locations":[{"start":{"line":23,"column":2},"end":{"line":25,"column":null}},{"start":{},"end":{}}]}},"s":{"0":0,"1":0,"2":0,"3":0,"4":0,"5":0,"6":0},"f":{"0":0,"1":0},"b":{"0":[0,0],"1":[0,0]}}
,"/Users/nikitapiliavets/Documents/projects/toc-tok-graphql/frontend/src/modules/messages/components/ChatListItem.tsx": {"path":"/Users/nikitapiliavets/Documents/projects/toc-tok-graphql/frontend/src/modules/messages/components/ChatListItem.tsx","statementMap":{"0":{"start":{"line":10,"column":21},"end":{"line":37,"column":null}},"1":{"start":{"line":11,"column":2},"end":{"line":35,"column":null}}},"fnMap":{"0":{"name":"(anonymous_0)","decl":{"start":{"line":10,"column":21},"end":{"line":10,"column":22}},"loc":{"start":{"line":10,"column":54},"end":{"line":37,"column":null}}}},"branchMap":{"0":{"loc":{"start":{"line":30,"column":7},"end":{"line":33,"column":null}},"type":"binary-expr","locations":[{"start":{"line":30,"column":7},"end":{"line":30,"column":null}},{"start":{"line":31,"column":8},"end":{"line":33,"column":null}}]}},"s":{"0":0,"1":0},"f":{"0":0},"b":{"0":[0,0]}}
,"/Users/nikitapiliavets/Documents/projects/toc-tok-graphql/frontend/src/modules/messages/components/Message.tsx": {"path":"/Users/nikitapiliavets/Documents/projects/toc-tok-graphql/frontend/src/modules/messages/components/Message.tsx","statementMap":{"0":{"start":{"line":8,"column":16},"end":{"line":25,"column":null}},"1":{"start":{"line":9,"column":18},"end":{"line":16,"column":null}},"2":{"start":{"line":10,"column":17},"end":{"line":10,"column":null}},"3":{"start":{"line":11,"column":4},"end":{"line":13,"column":null}},"4":{"start":{"line":12,"column":6},"end":{"line":12,"column":null}},"5":{"start":{"line":15,"column":4},"end":{"line":15,"column":null}},"6":{"start":{"line":18,"column":2},"end":{"line":23,"column":null}}},"fnMap":{"0":{"name":"(anonymous_0)","decl":{"start":{"line":8,"column":16},"end":{"line":8,"column":17}},"loc":{"start":{"line":8,"column":47},"end":{"line":25,"column":null}}},"1":{"name":"(anonymous_1)","decl":{"start":{"line":9,"column":26},"end":{"line":9,"column":32}},"loc":{"start":{"line":9,"column":32},"end":{"line":16,"column":5}}}},"branchMap":{"0":{"loc":{"start":{"line":11,"column":4},"end":{"line":13,"column":null}},"type":"if","locations":[{"start":{"line":11,"column":4},"end":{"line":13,"column":null}},{"start":{},"end":{}}]}},"s":{"0":0,"1":0,"2":0,"3":0,"4":0,"5":0,"6":0},"f":{"0":0,"1":0},"b":{"0":[0,0]}}
,"/Users/nikitapiliavets/Documents/projects/toc-tok-graphql/frontend/src/modules/messages/mutations/OpenMessages.ts": {"path":"/Users/nikitapiliavets/Documents/projects/toc-tok-graphql/frontend/src/modules/messages/mutations/OpenMessages.ts","statementMap":{"0":{"start":{"line":3,"column":29},"end":{"line":3,"column":null}}},"fnMap":{},"branchMap":{},"s":{"0":0},"f":{},"b":{}}
,"/Users/nikitapiliavets/Documents/projects/toc-tok-graphql/frontend/src/modules/messages/pages/Chat.tsx": {"path":"/Users/nikitapiliavets/Documents/projects/toc-tok-graphql/frontend/src/modules/messages/pages/Chat.tsx","statementMap":{"0":{"start":{"line":18,"column":13},"end":{"line":144,"column":null}},"1":{"start":{"line":19,"column":17},"end":{"line":19,"column":null}},"2":{"start":{"line":20,"column":31},"end":{"line":20,"column":null}},"3":{"start":{"line":22,"column":26},"end":{"line":22,"column":null}},"4":{"start":{"line":24,"column":34},"end":{"line":24,"column":null}},"5":{"start":{"line":25,"column":38},"end":{"line":25,"column":null}},"6":{"start":{"line":27,"column":31},"end":{"line":27,"column":null}},"7":{"start":{"line":29,"column":66},"end":{"line":29,"column":null}},"8":{"start":{"line":31,"column":28},"end":{"line":38,"column":null}},"9":{"start":{"line":36,"column":6},"end":{"line":36,"column":null}},"10":{"start":{"line":40,"column":25},"end":{"line":47,"column":null}},"11":{"start":{"line":45,"column":6},"end":{"line":45,"column":null}},"12":{"start":{"line":49,"column":15},"end":{"line":51,"column":null}},"13":{"start":{"line":50,"column":4},"end":{"line":50,"column":null}},"14":{"start":{"line":53,"column":24},"end":{"line":65,"column":null}},"15":{"start":{"line":54,"column":4},"end":{"line":56,"column":null}},"16":{"start":{"line":55,"column":6},"end":{"line":55,"column":null}},"17":{"start":{"line":58,"column":4},"end":{"line":63,"column":null}},"18":{"start":{"line":64,"column":4},"end":{"line":64,"column":null}},"19":{"start":{"line":67,"column":26},"end":{"line":72,"column":null}},"20":{"start":{"line":69,"column":6},"end":{"line":69,"column":null}},"21":{"start":{"line":69,"column":28},"end":{"line":69,"column":103}},"22":{"start":{"line":74,"column":2},"end":{"line":81,"column":null}},"23":{"start":{"line":75,"column":4},"end":{"line":75,"column":null}},"24":{"start":{"line":76,"column":4},"end":{"line":76,"column":null}},"25":{"start":{"line":78,"column":4},"end":{"line":80,"column":null}},"26":{"start":{"line":79,"column":6},"end":{"line":79,"column":null}},"27":{"start":{"line":83,"column":2},"end":{"line":92,"column":null}},"28":{"start":{"line":84,"column":4},"end":{"line":90,"column":null}},"29":{"start":{"line":94,"column":2},"end":{"line":96,"column":null}},"30":{"start":{"line":95,"column":4},"end":{"line":95,"column":null}},"31":{"start":{"line":98,"column":2},"
[...]
,"/Users/nikitapiliavets/Documents/projects/toc-tok-graphql/frontend/src/modules/users/pages/Users/UsersPage.tsx": {"path":"/Users/nikitapiliavets/Documents/projects/toc-tok-graphql/frontend/src/modules/users/pages/Users/UsersPage.tsx","statementMap":{"0":{"start":{"line":7,"column":18},"end":{"line":45,"column":null}},"1":{"start":{"line":8,"column":25},"end":{"line":8,"column":null}},"2":{"start":{"line":10,"column":39},"end":{"line":16,"column":null}},"3":{"start":{"line":18,"column":24},"end":{"line":34,"column":null}},"4":{"start":{"line":19,"column":4},"end":{"line":33,"column":null}},"5":{"start":{"line":26,"column":8},"end":{"line":28,"column":null}},"6":{"start":{"line":27,"column":10},"end":{"line":27,"column":null}},"7":{"start":{"line":29,"column":8},"end":{"line":31,"column":null}},"8":{"start":{"line":36,"column":2},"end":{"line":43,"column":null}}},"fnMap":{"0":{"name":"(anonymous_0)","decl":{"start":{"line":7,"column":18},"end":{"line":7,"column":24}},"loc":{"start":{"line":7,"column":24},"end":{"line":45,"column":null}}},"1":{"name":"(anonymous_1)","decl":{"start":{"line":18,"column":36},"end":{"line":18,"column":48}},"loc":{"start":{"line":18,"column":48},"end":{"line":34,"column":5}}},"2":{"name":"(anonymous_2)","decl":{"start":{"line":25,"column":19},"end":{"line":25,"column":20}},"loc":{"start":{"line":25,"column":50},"end":{"line":32,"column":null}}}},"branchMap":{"0":{"loc":{"start":{"line":12,"column":14},"end":{"line":12,"column":null}},"type":"binary-expr","locations":[{"start":{"line":12,"column":14},"end":{"line":12,"column":44}},{"start":{"line":12,"column":44},"end":{"line":12,"column":null}}]},"1":{"loc":{"start":{"line":21,"column":14},"end":{"line":21,"column":null}},"type":"binary-expr","locations":[{"start":{"line":21,"column":14},"end":{"line":21,"column":39}},{"start":{"line":21,"column":39},"end":{"line":21,"column":null}}]},"2":{"loc":{"start":{"line":23,"column":16},"end":{"line":23,"column":null}},"type":"binary-expr","locations":[{"start":{"line":23,"column":16},"end":{"line":23,"column":46}},{"start":{"line":23,"column":46},"end":{"line":23,"column":null}}]},"3":{"loc":{"start":{"line":26,"column":8},"end":{"line":28,"column":null}},"type":"if","locations":[{"start":{"line":26,"column":8},"end":{"line":28,"column":null}},{"start":{},"end":{}}]},"4":{"loc":{"start":{"line":41,"column":6},"end":{"line":42,"column":null}},"type":"binary-expr","locations":[{"start":{"line":41,"column":6},"end":{"line":42,"column":43}},{"start":{"line":42,"column":43},"end":{"line":42,"column":null}}]},"5":{"loc":{"start":{"line":42,"column":8},"end":{"line":42,"column":38}},"type":"binary-expr","locations":[{"start":{"line":42,"column":8},"end":{"line":42,"column":33}},{"start":{"line":42,"column":33},"end":{"line":42,"column":38}}]}},"s":{"0":0,"1":0,"2":0,"3":0,"4":0,"5":0,"6":0,"7":0,"8":0},"f":{"0":0,"1":0,"2":0},"b":{"0":[0,0],"1":[0,0],"2":[0,0],"3":[0,0],"4":[0,0],"5":[0,0]}}
,"/Users/nikitapiliavets/Documents/projects/toc-tok-graphql/frontend/src/modules/users/queries/GetUsers.ts": {"path":"/Users/nikitapiliavets/Documents/projects/toc-tok-graphql/frontend/src/modules/users/queries/GetUsers.ts","statementMap":{"0":{"start":{"line":3,"column":25},"end":{"line":3,"column":null}}},"fnMap":{},"branchMap":{},"s":{"0":0},"f":{},"b":{}}
,"/Users/nikitapiliavets/Documents/projects/toc-tok-graphql/frontend/src/queries/GetSettings.ts": {"path":"/Users/nikitapiliavets/Documents/projects/toc-tok-graphql/frontend/src/queries/GetSettings.ts","statementMap":{"0":{"start":{"line":3,"column":29},"end":{"line":3,"column":null}}},"fnMap":{},"branchMap":{},"s":{"0":0},"f":{},"b":{}}
,"/Users/nikitapiliavets/Documents/projects/toc-tok-graphql/frontend/src/router/index.tsx": {"path":"/Users/nikitapiliavets/Documents/projects/toc-tok-graphql/frontend/src/router/index.tsx","statementMap":{"0":{"start":{"line":15,"column":22},"end":{"line":67,"column":null}}},"fnMap":{},"branchMap":{},"s":{"0":0},"f":{},"b":{}}
,"/Users/nikitapiliavets/Documents/projects/toc-tok-graphql/frontend/src/router/routes.ts": {"path":"/Users/nikitapiliavets/Documents/projects/toc-tok-graphql/frontend/src/router/routes.ts","statementMap":{"0":{"start":{"line":1,"column":7},"end":{"line":1,"column":null}},"1":{"start":{"line":2,"column":2},"end":{"line":2,"column":null}},"2":{"start":{"line":3,"column":2},"end":{"line":3,"column":null}},"3":{"start":{"line":4,"column":2},"end":{"line":4,"column":null}},"4":{"start":{"line":5,"column":2},"end":{"line":5,"column":null}},"5":{"start":{"line":6,"column":2},"end":{"line":6,"column":null}},"6":{"start":{"line":7,"column":2},"end":{"line":7,"column":null}},"7":{"start":{"line":8,"column":2},"end":{"line":8,"column":null}},"8":{"start":{"line":9,"column":2},"end":{"line":9,"column":null}},"9":{"start":{"line":1,"column":12},"end":{"line":1,"column":null}},"10":{"start":{"line":12,"column":7},"end":{"line":12,"column":null}},"11":{"start":{"line":13,"column":2},"end":{"line":13,"column":null}},"12":{"start":{"line":14,"column":2},"end":{"line":14,"column":null}},"13":{"start":{"line":12,"column":12},"end":{"line":12,"column":null}},"14":{"start":{"line":17,"column":30},"end":{"line":19,"column":null}},"15":{"start":{"line":18,"column":2},"end":{"line":18,"column":null}},"16":{"start":{"line":21,"column":34},"end":{"line":23,"column":null}},"17":{"start":{"line":22,"column":2},"end":{"line":22,"column":null}},"18":{"start":{"line":25,"column":33},"end":{"line":27,"column":null}},"19":{"start":{"line":26,"column":2},"end":{"line":26,"column":null}},"20":{"start":{"line":29,"column":33},"end":{"line":29,"column":null}},"21":{"start":{"line":29,"column":85},"end":{"line":29,"column":null}},"22":{"start":{"line":31,"column":27},"end":{"line":31,"column":null}},"23":{"start":{"line":31,"column":43},"end":{"line":31,"column":null}},"24":{"start":{"line":33,"column":26},"end":{"line":33,"column":null}},"25":{"start":{"line":33,"column":42},"end":{"line":33,"column":null}}},"fnMap":{"0":{"name":"(anonymous_0)","decl":{"start":{"line":1,"column":7},"end":{"line":1,"column":12}},"loc":{"start":{"line":1,"column":7},"end":{"line":1,"column":null}}},"1":{"name":"(anonymous_1)","decl":{"start":{"line":12,"column":7},"end":{"line":12,"column":12}},"loc":{"start":{"line":12,"column":7},"end":{"line":12,"column":null}}},"2":{"name":"(anonymous_2)","decl":{"start":{"line":17,"column":30},"end":{"line":17,"column":31}},"loc":{"start":{"line":17,"column":46},"end":{"line":19,"column":null}}},"3":{"name":"(anonymous_3)","decl":{"start":{"line":21,"column":34},"end":{"line":21,"column":35}},"loc":{"start":{"line":21,"column":54},"end":{"line":23,"column":null}}},"4":{"name":"(anonymous_4)","decl":{"start":{"line":25,"column":33},"end":{"line":25,"column":34}},"loc":{"start":{"line":25,"column":53},"end":{"line":27,"column":null}}},"5":{"name":"(anonymous_5)","decl":{"start":{"line":29,"column":33},"end":{"line":29,"column":34}},"loc":{"start":{"line":29,"column":85},"end":{"line":29,"column":null}}},"6":{"name":"(anonymous_6)","decl":{"start":{"line":31,"column":27},"end":{"line":31,"column":28}},"loc":{"start":{"line":31,"column":43},"end":{"line":31,"column":null}}},"7":{"name":"(anonymous_7)","decl":{"start":{"line":33,"column":26},"end":{"line":33,"column":27}},"loc":{"start":{"line":33,"column":42},"end":{"line":33,"column":null}}}},"branchMap":{"0":{"loc":{"start":{"line":1,"column":12},"end":{"line":1,"column":null}},"type":"binary-expr","locations":[{"start":{"line":1,"column":12},"end":{"line":1,"column":null}},{"start":{"line":1,"column":12},"end":{"line":1,"column":null}}]},"1":{"loc":{"start":{"line":12,"column":12},"end":{"line":12,"column":null}},"type":"binary-expr","locations":[{"start":{"line":12,"column":12},"end":{"line":12,"column":null}},{"start":{"line":12,"column":12},"end":{"line":12,"column":null}}]}},"s":{"0":0,"1":0,"2":0,"3":0,"4":0,"5":0,"6":0,"7":0,"8":0,"9":0,"10":0,"11":0,"12":0,"13":0,"14":0,"15":0,"16":0,"17":0,"18":0,"19":0,"20":0,"21":0,"22":0,"23":0,"24":0,"25":0},"f":{"0":0,"1":0,"2":0,"3":0,"4":0,"5":0,"6":0,"7":0},"b":{"0":[0,0],"1":[0,0]}}
,"/Users/nikitapiliavets/Documents/projects/toc-tok-graphql/frontend/src/store/appStore.ts": {"path":"/Users/nikitapiliavets/Documents/projects/toc-tok-graphql/frontend/src/store/appStore.ts","statementMap":{"0":{"start":{"line":13,"column":27},"end":{"line":18,"column":null}},"1":{"start":{"line":14,"column":21},"end":{"line":17,"column":4}},"2":{"start":{"line":16,"column":50},"end":{"line":16,"column":null}}},"fnMap":{"0":{"name":"(anonymous_0)","decl":{"start":{"line":14,"column":11},"end":{"line":14,"column":12}},"loc":{"start":{"line":14,"column":21},"end":{"line":17,"column":4}}},"1":{"name":"(anonymous_1)","decl":{"start":{"line":16,"column":17},"end":{"line":16,"column":18}},"loc":{"start":{"line":16,"column":50},"end":{"line":16,"column":null}}}},"branchMap":{},"s":{"0":0,"1":0,"2":0},"f":{"0":0,"1":0},"b":{}}
,"/Users/nikitapiliavets/Documents/projects/toc-tok-graphql/frontend/src/store/useGetAppSettings.ts": {"path":"/Users/nikitapiliavets/Documents/projects/toc-tok-graphql/frontend/src/store/useGetAppSettings.ts","statementMap":{"0":{"start":{"line":4,"column":33},"end":{"line":15,"column":null}},"1":{"start":{"line":5,"column":22},"end":{"line":5,"column":null}},"2":{"start":{"line":5,"column":45},"end":{"line":5,"column":62}},"3":{"start":{"line":6,"column":19},"end":{"line":6,"column":null}},"4":{"start":{"line":6,"column":42},"end":{"line":6,"column":56}},"5":{"start":{"line":8,"column":24},"end":{"line":12,"column":null}},"6":{"start":{"line":10,"column":6},"end":{"line":10,"column":null}},"7":{"start":{"line":14,"column":2},"end":{"line":14,"column":null}}},"fnMap":{"0":{"name":"(anonymous_0)","decl":{"start":{"line":4,"column":33},"end":{"line":4,"column":39}},"loc":{"start":{"line":4,"column":39},"end":{"line":15,"column":null}}},"1":{"name":"(anonymous_1)","decl":{"start":{"line":5,"column":34},"end":{"line":5,"column":35}},"loc":{"start":{"line":5,"column":45},"end":{"line":5,"column":62}}},"2":{"name":"(anonymous_2)","decl":{"start":{"line":6,"column":31},"end":{"line":6,"column":32}},"loc":{"start":{"line":6,"column":42},"end":{"line":6,"column":56}}},"3":{"name":"(anonymous_3)","decl":{"start":{"line":9,"column":4},"end":{"line":9,"column":16}},"loc":{"start":{"line":9,"column":22},"end":{"line":11,"column":null}}}},"branchMap":{},"s":{"0":0,"1":0,"2":0,"3":0,"4":0,"5":0,"6":0,"7":0},"f":{"0":0,"1":0,"2":0,"3":0},"b":{}}
,"/Users/nikitapiliavets/Documents/projects/toc-tok-graphql/frontend/src/utils/apolloClient.ts": {"path":"/Users/nikitapiliavets/Documents/projects/toc-tok-graphql/frontend/src/utils/apolloClient.ts","statementMap":{"0":{"start":{"line":15,"column":21},"end":{"line":39,"column":null}},"1":{"start":{"line":16,"column":2},"end":{"line":38,"column":null}},"2":{"start":{"line":17,"column":21},"end":{"line":25,"column":null}},"3":{"start":{"line":27,"column":27},"end":{"line":27,"column":null}},"4":{"start":{"line":28,"column":4},"end":{"line":30,"column":null}},"5":{"start":{"line":29,"column":6},"end":{"line":29,"column":null}},"6":{"start":{"line":32,"column":4},"end":{"line":32,"column":null}},"7":{"start":{"line":34,"column":4},"end":{"line":34,"column":null}},"8":{"start":{"line":36,"column":4},"end":{"line":36,"column":null}},"9":{"start":{"line":37,"column":4},"end":{"line":37,"column":null}},"10":{"start":{"line":41,"column":17},"end":{"line":41,"column":null}},"11":{"start":{"line":42,"column":17},"end":{"line":42,"column":null}},"12":{"start":{"line":44,"column":18},"end":{"line":66,"column":null}},"13":{"start":{"line":45,"column":2},"end":{"line":65,"column":null}},"14":{"start":{"line":46,"column":4},"end":{"line":64,"column":null}},"15":{"start":{"line":47,"column":6},"end":{"line":63,"column":null}},"16":{"start":{"line":48,"column":8},"end":{"line":48,"column":null}},"17":{"start":{"line":49,"column":8},"end":{"line":62,"column":null}},"18":{"start":{"line":50,"column":10},"end":{"line":61,"column":null}},"19":{"start":{"line":52,"column":14},"end":{"line":57,"column":null}},"20":{"start":{"line":52,"column":73},"end":{"line":57,"column":16}},"21":{"start":{"line":58,"column":31},"end":{"line":58,"column":null}},"22":{"start":{"line":59,"column":14},"end":{"line":59,"column":null}},"23":{"start":{"line":61,"column":30},"end":{"line":61,"column":51}},"24":{"start":{"line":68,"column":19},"end":{"line":74,"column":null}},"25":{"start":{"line":76,"column":17},"end":{"line":84,"column":null}},"26":{"start":{"line":77,"column":16},"end":{"line":77,"column":null}},"27":{"start":{"line":78,"column":2},"end":{"line":83,"column":null}},"28":{"start":{"line":86,"column":22},"end":{"line":115,"column":null}},"29":{"start":{"line":94,"column":14},"end":{"line":94,"column":null}}},"fnMap":{"0":{"name":"(anonymous_0)","decl":{"start":{"line":15,"column":21},"end":{"line":15,"column":28}},"loc":{"start":{"line":15,"column":76},"end":{"line":39,"column":null}}},"1":{"name":"(anonymous_1)","decl":{"start":{"line":44,"column":26},"end":{"line":44,"column":27}},"loc":{"start":{"line":44,"column":69},"end":{"line":66,"column":1}}},"2":{"name":"(anonymous_2)","decl":{"start":{"line":49,"column":30},"end":{"line":49,"column":31}},"loc":{"start":{"line":49,"column":44},"end":{"line":62,"column":9}}},"3":{"name":"(anonymous_3)","decl":{"start":{"line":51,"column":18},"end":{"line":51,"column":19}},"loc":{"start":{"line":51,"column":29},"end":{"line":60,"column":13}}},"4":{"name":"(anonymous_4)","decl":{"start":{"line":52,"column":35},"end":{"line":52,"column":36}},"loc":{"start":{"line":52,"column":73},"end":{"line":57,"column":16}}},"5":{"name":"(anonymous_5)","decl":{"start":{"line":61,"column":19},"end":{"line":61,"column":20}},"loc":{"start":{"line":61,"column":30},"end":{"line":61,"column":51}}},"6":{"name":"(anonymous_6)","decl":{"start":{"line":76,"column":28},"end":{"line":76,"column":29}},"loc":{"start":{"line":76,"column":48},"end":{"line":84,"column":1}}},"7":{"name":"(anonymous_7)","decl":{"start":{"line":93,"column":12},"end":{"line":93,"column":18}},"loc":{"start":{"line":93,"column":31},"end":{"line":95,"column":null}}}},"branchMap":{"0":{"loc":{"start":{"line":28,"column":4},"end":{"line":30,"column":null}},"type":"if","locations":[{"start":{"line":28,"column":4},"end":{"line":30,"column":null}},{"start":{},"end":{}}]},"1":{"loc":{"start":{"line":45,"column":2},"end":{"line":65,"column":null}},"type":"if","locations":[{"start":{"line":45,"column":2},"end":{"line":65,"column":null}},{"start":{},"end":{}}]},"2":{"loc":{"start":{"line":47,"column":6},"end":{"line":63,"column":null}},"type":"if","locations":[{"start":{"line":47,"column":6},"end":{"line":63,"column":null}},{"start":{},"end":{}}]},"3":{"loc":{"start":{"line":47,"column":10},"end":{"line":47,"column":79}},"type":"binary-expr","locations":[{"start":{"line":47,"column":10},"end":{"line":47,"column":56}},{"start":{"line":47,"column":56},"end":{"line":47,"column":79}}]},"4":{"loc":{"start":{"line":81,"column":21},"end":{"line":81,"column":null}},"type":"cond-expr","locations":[{"start":{"line":81,"column":29},"end":{"line":81,"column":49}},{"start":{"line":81,"column":49},"end":{"line":81,"column":null}}]}},"s":{"0":0,"1":0,"2":0,"3":0,"4":0,"5":0,"6":0,"7":0,"8":0,"9":0,"10":0,"11":0,"12":0,"13":0,"14":0,"15":0,"16":0,"17":0,"18":0,"19":0,"20":0,"21":0,"22":0,"23":0,"24":0,"25":0,"26":0,"27":0,"28":0,"29":0},"f":{"0":0,"1":0,"2":0,"3":0,"4":0,"5":0,"6":0,"7":0},"b":{"0":[0,0],"1":[0,0],"2":[0,0],"3":[0,0],"4":[0,0]}}
,"/Users/nikitapiliavets/Documents/projects/toc-tok-graphql/frontend/src/utils/common.ts": {"path":"/Users/nikitapiliavets/Documents/projects/toc-tok-graphql/frontend/src/utils/common.ts","statementMap":{"0":{"start":{"line":1,"column":27},"end":{"line":5,"column":null}},"1":{"start":{"line":2,"column":2},"end":{"line":5,"column":null}},"2":{"start":{"line":2,"column":25},"end":{"line":5,"column":4}}},"fnMap":{"0":{"name":"(anonymous_0)","decl":{"start":{"line":1,"column":27},"end":{"line":1,"column":28}},"loc":{"start":{"line":2,"column":2},"end":{"line":5,"column":null}}},"1":{"name":"(anonymous_1)","decl":{"start":{"line":2,"column":15},"end":{"line":2,"column":16}},"loc":{"start":{"line":2,"column":25},"end":{"line":5,"column":4}}}},"branchMap":{},"s":{"0":0,"1":0,"2":0},"f":{"0":0,"1":0},"b":{}}
,"/Users/nikitapiliavets/Documents/projects/toc-tok-graphql/frontend/src/utils/dates.ts": {"path":"/Users/nikitapiliavets/Documents/projects/toc-tok-graphql/frontend/src/utils/dates.ts","statementMap":{"0":{"start":{"line":1,"column":26},"end":{"line":3,"column":null}},"1":{"start":{"line":2,"column":2},"end":{"line":2,"column":null}}},"fnMap":{"0":{"name":"(anonymous_0)","decl":{"start":{"line":1,"column":26},"end":{"line":1,"column":27}},"loc":{"start":{"line":1,"column":44},"end":{"line":3,"column":null}}}},"branchMap":{},"s":{"0":0,"1":0},"f":{"0":0},"b":{}}
,"/Users/nikitapiliavets/Documents/projects/toc-tok-graphql/frontend/src/utils/files.ts": {"path":"/Users/nikitapiliavets/Documents/projects/toc-tok-graphql/frontend/src/utils/files.ts","statementMap":{"0":{"start":{"line":1,"column":38},"end":{"line":10,"column":null}},"1":{"start":{"line":2,"column":2},"end":{"line":9,"column":null}},"2":{"start":{"line":3,"column":4},"end":{"line":8,"column":null}},"3":{"start":{"line":4,"column":6},"end":{"line":7,"column":null}},"4":{"start":{"line":5,"column":21},"end":{"line":5,"column":null}},"5":{"start":{"line":6,"column":8},"end":{"line":6,"column":null}}},"fnMap":{"0":{"name":"(anonymous_0)","decl":{"start":{"line":1,"column":38},"end":{"line":1,"column":39}},"loc":{"start":{"line":1,"column":102},"end":{"line":10,"column":null}}},"1":{"name":"(anonymous_1)","decl":{"start":{"line":2,"column":21},"end":{"line":2,"column":22}},"loc":{"start":{"line":2,"column":34},"end":{"line":9,"column":3}}},"2":{"name":"(anonymous_2)","decl":{"start":{"line":3,"column":18},"end":{"line":3,"column":25}},"loc":{"start":{"line":3,"column":34},"end":{"line":8,"column":5}}}},"branchMap":{"0":{"loc":{"start":{"line":4,"column":6},"end":{"line":7,"column":null}},"type":"if","locations":[{"start":{"line":4,"column":6},"end":{"line":7,"column":null}},{"start":{},"end":{}}]}},"s":{"0":0,"1":0,"2":0,"3":0,"4":0,"5":0},"f":{"0":0,"1":0,"2":0},"b":{"0":[0,0]}}
}
